<?xml version="1.0" encoding="UTF-8"?>
<testsuite xmlns:xsi="http://www.w3.org/2001/XMLSchema-instance" xsi:noNamespaceSchemaLocation="https://maven.apache.org/surefire/maven-surefire-plugin/xsd/surefire-test-report-3.0.xsd" version="3.0" name="com.home.test.InventoryTestRunner" time="2.701" tests="5" errors="0" skipped="0" failures="0">
  <properties>
[...]
</properties>
  <testcase name="[1:7] Add item with random id" classname="features/inventory_test" time="1.165">
    <system-out><![CDATA[22:10:21.574 [main] DEBUG com.intuit.karate.Suite - [config] karate-config.js
22:10:22.386 [main] DEBUG com.jayway.jsonpath.internal.path.CompiledPath - Evaluating path: $
22:10:22.435 [main] INFO com.intuit.karate - [print] ID generado: 138 
22:10:22.459 [main] DEBUG io.netty.util.internal.logging.InternalLoggerFactory - Using SLF4J as the default logging framework
22:10:22.460 [main] DEBUG io.netty.util.internal.PlatformDependent0 - -Dio.netty.noUnsafe: false
22:10:22.460 [main] DEBUG io.netty.util.internal.PlatformDependent0 - Java version: 21
22:10:22.461 [main] DEBUG io.netty.util.internal.PlatformDependent0 - sun.misc.Unsafe.theUnsafe: available
22:10:22.461 [main] DEBUG io.netty.util.internal.PlatformDependent0 - sun.misc.Unsafe.copyMemory: available
22:10:22.462 [main] DEBUG io.netty.util.internal.PlatformDependent0 - sun.misc.Unsafe.storeFence: available
22:10:22.462 [main] DEBUG io.netty.util.internal.PlatformDependent0 - java.nio.Buffer.address: available
22:10:22.463 [main] DEBUG io.netty.util.internal.PlatformDependent0 - direct buffer constructor: unavailable: java.nio.DirectByteBuffer.<init>(long,int)
22:10:22.463 [main] DEBUG io.netty.util.internal.PlatformDependent0 - java.nio.Bits.unaligned: available, true
22:10:22.464 [main] DEBUG io.netty.util.internal.PlatformDependent0 - jdk.internal.misc.Unsafe.allocateUninitializedArray(int): unavailable: class io.netty.util.internal.PlatformDependent0$7 cannot access class jdk.internal.misc.Unsafe (in module java.base) because module java.base does not export jdk.internal.misc to unnamed module @2c039ac6
22:10:22.464 [main] DEBUG io.netty.util.internal.PlatformDependent0 - java.nio.DirectByteBuffer.<init>(long, int): unavailable
22:10:22.465 [main] DEBUG io.netty.util.internal.PlatformDependent - sun.misc.Unsafe: available
22:10:22.466 [main] DEBUG io.netty.util.internal.PlatformDependent - maxDirectMemory: 4253024256 bytes (maybe)
22:10:22.466 [main] DEBUG io.netty.util.internal.PlatformDependent - -Dio.netty.tmpdir: C:\Users\dnb_5\AppData\Local\Temp (java.io.tmpdir)
22:10:22.466 [main] DEBUG io.netty.util.internal.PlatformDependent - -Dio.netty.bitMode: 64 (sun.arch.data.model)
22:10:22.466 [main] DEBUG io.netty.util.internal.PlatformDependent - Platform: Windows
22:10:22.467 [main] DEBUG io.netty.util.internal.PlatformDependent - -Dio.netty.maxDirectMemory: -1 bytes
22:10:22.467 [main] DEBUG io.netty.util.internal.PlatformDependent - -Dio.netty.uninitializedArrayAllocationThreshold: -1
22:10:22.468 [main] DEBUG io.netty.util.internal.CleanerJava9 - java.nio.ByteBuffer.cleaner(): available
22:10:22.468 [main] DEBUG io.netty.util.internal.PlatformDependent - -Dio.netty.noPreferDirect: false
22:10:22.674 [main] DEBUG org.apache.http.client.protocol.RequestAddCookies - CookieSpec selected: karate
22:10:22.679 [main] DEBUG org.apache.http.client.protocol.RequestAuthCache - Auth cache not set in the context
22:10:22.680 [main] DEBUG com.intuit.karate - request:
1 > POST http://localhost:3100/api/inventory/add
1 > Content-Type: application/json; charset=UTF-8
1 > Content-Length: 71
1 > Host: localhost:3100
1 > Connection: Keep-Alive
1 > User-Agent: Apache-HttpClient/4.5.13 (Java/21.0.2)
1 > Accept-Encoding: gzip,deflate
{"id":"138","name":"HawaiiPrueba","image":"hawaiian.png","price":"$14"}

22:10:22.681 [main] DEBUG org.apache.http.impl.conn.PoolingHttpClientConnectionManager - Connection request: [route: {}->http://localhost:3100][total available: 0; route allocated: 0 of 5; total allocated: 0 of 10]
22:10:22.688 [main] DEBUG org.apache.http.impl.conn.PoolingHttpClientConnectionManager - Connection leased: [id: 0][route: {}->http://localhost:3100][total available: 0; route allocated: 1 of 5; total allocated: 1 of 10]
22:10:22.689 [main] DEBUG org.apache.http.impl.execchain.MainClientExec - Opening connection {}->http://localhost:3100
22:10:22.699 [main] DEBUG org.apache.http.impl.conn.DefaultHttpClientConnectionOperator - Connecting to localhost/127.0.0.1:3100
22:10:22.702 [main] DEBUG org.apache.http.impl.conn.DefaultHttpClientConnectionOperator - Connection established 127.0.0.1:60463<->127.0.0.1:3100
22:10:22.702 [main] DEBUG org.apache.http.impl.conn.DefaultManagedHttpClientConnection - http-outgoing-0: set socket timeout to 30000
22:10:22.702 [main] DEBUG org.apache.http.impl.execchain.MainClientExec - Executing request POST /api/inventory/add HTTP/1.1
22:10:22.702 [main] DEBUG org.apache.http.impl.execchain.MainClientExec - Target auth state: UNCHALLENGED
22:10:22.702 [main] DEBUG org.apache.http.impl.execchain.MainClientExec - Proxy auth state: UNCHALLENGED
22:10:22.703 [main] DEBUG org.apache.http.headers - http-outgoing-0 >> POST /api/inventory/add HTTP/1.1
22:10:22.703 [main] DEBUG org.apache.http.headers - http-outgoing-0 >> Content-Type: application/json; charset=UTF-8
22:10:22.703 [main] DEBUG org.apache.http.headers - http-outgoing-0 >> Content-Length: 71
22:10:22.703 [main] DEBUG org.apache.http.headers - http-outgoing-0 >> Host: localhost:3100
22:10:22.703 [main] DEBUG org.apache.http.headers - http-outgoing-0 >> Connection: Keep-Alive
22:10:22.703 [main] DEBUG org.apache.http.headers - http-outgoing-0 >> User-Agent: Apache-HttpClient/4.5.13 (Java/21.0.2)
22:10:22.703 [main] DEBUG org.apache.http.headers - http-outgoing-0 >> Accept-Encoding: gzip,deflate
22:10:22.704 [main] DEBUG org.apache.http.wire - http-outgoing-0 >> "POST /api/inventory/add HTTP/1.1[\r][\n]"
22:10:22.704 [main] DEBUG org.apache.http.wire - http-outgoing-0 >> "Content-Type: application/json; charset=UTF-8[\r][\n]"
22:10:22.704 [main] DEBUG org.apache.http.wire - http-outgoing-0 >> "Content-Length: 71[\r][\n]"
22:10:22.704 [main] DEBUG org.apache.http.wire - http-outgoing-0 >> "Host: localhost:3100[\r][\n]"
22:10:22.704 [main] DEBUG org.apache.http.wire - http-outgoing-0 >> "Connection: Keep-Alive[\r][\n]"
22:10:22.704 [main] DEBUG org.apache.http.wire - http-outgoing-0 >> "User-Agent: Apache-HttpClient/4.5.13 (Java/21.0.2)[\r][\n]"
22:10:22.704 [main] DEBUG org.apache.http.wire - http-outgoing-0 >> "Accept-Encoding: gzip,deflate[\r][\n]"
22:10:22.704 [main] DEBUG org.apache.http.wire - http-outgoing-0 >> "[\r][\n]"
22:10:22.705 [main] DEBUG org.apache.http.wire - http-outgoing-0 >> "{"id":"138","name":"HawaiiPrueba","image":"hawaiian.png","price":"$14"}"
22:10:22.712 [main] DEBUG org.apache.http.wire - http-outgoing-0 << "HTTP/1.1 200 OK[\r][\n]"
22:10:22.713 [main] DEBUG org.apache.http.wire - http-outgoing-0 << "X-Powered-By: Express[\r][\n]"
22:10:22.713 [main] DEBUG org.apache.http.wire - http-outgoing-0 << "Content-Type: text/plain; charset=utf-8[\r][\n]"
22:10:22.713 [main] DEBUG org.apache.http.wire - http-outgoing-0 << "Content-Length: 2[\r][\n]"
22:10:22.713 [main] DEBUG org.apache.http.wire - http-outgoing-0 << "ETag: W/"2-nOO9QiTIwXgNtWtBJezz8kv3SLc"[\r][\n]"
22:10:22.713 [main] DEBUG org.apache.http.wire - http-outgoing-0 << "Date: Wed, 07 May 2025 01:10:22 GMT[\r][\n]"
22:10:22.713 [main] DEBUG org.apache.http.wire - http-outgoing-0 << "Connection: keep-alive[\r][\n]"
22:10:22.713 [main] DEBUG org.apache.http.wire - http-outgoing-0 << "Keep-Alive: timeout=5[\r][\n]"
22:10:22.713 [main] DEBUG org.apache.http.wire - http-outgoing-0 << "[\r][\n]"
22:10:22.713 [main] DEBUG org.apache.http.wire - http-outgoing-0 << "OK"
22:10:22.714 [main] DEBUG org.apache.http.headers - http-outgoing-0 << HTTP/1.1 200 OK
22:10:22.714 [main] DEBUG org.apache.http.headers - http-outgoing-0 << X-Powered-By: Express
22:10:22.714 [main] DEBUG org.apache.http.headers - http-outgoing-0 << Content-Type: text/plain; charset=utf-8
22:10:22.714 [main] DEBUG org.apache.http.headers - http-outgoing-0 << Content-Length: 2
22:10:22.714 [main] DEBUG org.apache.http.headers - http-outgoing-0 << ETag: W/"2-nOO9QiTIwXgNtWtBJezz8kv3SLc"
22:10:22.714 [main] DEBUG org.apache.http.headers - http-outgoing-0 << Date: Wed, 07 May 2025 01:10:22 GMT
22:10:22.714 [main] DEBUG org.apache.http.headers - http-outgoing-0 << Connection: keep-alive
22:10:22.714 [main] DEBUG org.apache.http.headers - http-outgoing-0 << Keep-Alive: timeout=5
22:10:22.716 [main] DEBUG org.apache.http.impl.execchain.MainClientExec - Connection can be kept alive for 5000 MILLISECONDS
22:10:22.717 [main] DEBUG org.apache.http.impl.conn.PoolingHttpClientConnectionManager - Connection [id: 0][route: {}->http://localhost:3100] can be kept alive for 5.0 seconds
22:10:22.717 [main] DEBUG org.apache.http.impl.conn.DefaultManagedHttpClientConnection - http-outgoing-0: set socket timeout to 0
22:10:22.717 [main] DEBUG org.apache.http.impl.conn.PoolingHttpClientConnectionManager - Connection released: [id: 0][route: {}->http://localhost:3100][total available: 1; route allocated: 1 of 5; total allocated: 1 of 10]
22:10:22.720 [main] DEBUG com.intuit.karate - response time in milliseconds: 36
1 < 200
1 < X-Powered-By: Express
1 < Content-Type: text/plain; charset=utf-8
1 < Content-Length: 2
1 < ETag: W/"2-nOO9QiTIwXgNtWtBJezz8kv3SLc"
1 < Date: Wed, 07 May 2025 01:10:22 GMT
1 < Connection: keep-alive
1 < Keep-Alive: timeout=5
OK

22:10:22.727 [main] DEBUG org.apache.http.client.protocol.RequestAddCookies - CookieSpec selected: karate
22:10:22.727 [main] DEBUG org.apache.http.client.protocol.RequestAuthCache - Auth cache not set in the context
22:10:22.728 [main] DEBUG com.intuit.karate - request:
2 > GET http://localhost:3100/api/inventory/filter?id=138
2 > Host: localhost:3100
2 > Connection: Keep-Alive
2 > User-Agent: Apache-HttpClient/4.5.13 (Java/21.0.2)
2 > Accept-Encoding: gzip,deflate


22:10:22.728 [main] DEBUG org.apache.http.impl.conn.PoolingHttpClientConnectionManager - Connection request: [route: {}->http://localhost:3100][total available: 0; route allocated: 0 of 5; total allocated: 0 of 10]
22:10:22.728 [main] DEBUG org.apache.http.impl.conn.PoolingHttpClientConnectionManager - Connection leased: [id: 1][route: {}->http://localhost:3100][total available: 0; route allocated: 1 of 5; total allocated: 1 of 10]
22:10:22.728 [main] DEBUG org.apache.http.impl.execchain.MainClientExec - Opening connection {}->http://localhost:3100
22:10:22.728 [main] DEBUG org.apache.http.impl.conn.DefaultHttpClientConnectionOperator - Connecting to localhost/127.0.0.1:3100
22:10:22.728 [main] DEBUG org.apache.http.impl.conn.DefaultHttpClientConnectionOperator - Connection established 127.0.0.1:60464<->127.0.0.1:3100
22:10:22.729 [main] DEBUG org.apache.http.impl.conn.DefaultManagedHttpClientConnection - http-outgoing-1: set socket timeout to 30000
22:10:22.729 [main] DEBUG org.apache.http.impl.execchain.MainClientExec - Executing request GET /api/inventory/filter?id=138 HTTP/1.1
22:10:22.729 [main] DEBUG org.apache.http.impl.execchain.MainClientExec - Target auth state: UNCHALLENGED
22:10:22.729 [main] DEBUG org.apache.http.impl.execchain.MainClientExec - Proxy auth state: UNCHALLENGED
22:10:22.729 [main] DEBUG org.apache.http.headers - http-outgoing-1 >> GET /api/inventory/filter?id=138 HTTP/1.1
22:10:22.729 [main] DEBUG org.apache.http.headers - http-outgoing-1 >> Host: localhost:3100
22:10:22.729 [main] DEBUG org.apache.http.headers - http-outgoing-1 >> Connection: Keep-Alive
22:10:22.729 [main] DEBUG org.apache.http.headers - http-outgoing-1 >> User-Agent: Apache-HttpClient/4.5.13 (Java/21.0.2)
22:10:22.729 [main] DEBUG org.apache.http.headers - http-outgoing-1 >> Accept-Encoding: gzip,deflate
22:10:22.729 [main] DEBUG org.apache.http.wire - http-outgoing-1 >> "GET /api/inventory/filter?id=138 HTTP/1.1[\r][\n]"
22:10:22.729 [main] DEBUG org.apache.http.wire - http-outgoing-1 >> "Host: localhost:3100[\r][\n]"
22:10:22.729 [main] DEBUG org.apache.http.wire - http-outgoing-1 >> "Connection: Keep-Alive[\r][\n]"
22:10:22.729 [main] DEBUG org.apache.http.wire - http-outgoing-1 >> "User-Agent: Apache-HttpClient/4.5.13 (Java/21.0.2)[\r][\n]"
22:10:22.729 [main] DEBUG org.apache.http.wire - http-outgoing-1 >> "Accept-Encoding: gzip,deflate[\r][\n]"
22:10:22.729 [main] DEBUG org.apache.http.wire - http-outgoing-1 >> "[\r][\n]"
22:10:22.738 [main] DEBUG org.apache.http.wire - http-outgoing-1 << "HTTP/1.1 200 OK[\r][\n]"
22:10:22.738 [main] DEBUG org.apache.http.wire - http-outgoing-1 << "X-Powered-By: Express[\r][\n]"
22:10:22.738 [main] DEBUG org.apache.http.wire - http-outgoing-1 << "Content-Type: application/json; charset=utf-8[\r][\n]"
22:10:22.738 [main] DEBUG org.apache.http.wire - http-outgoing-1 << "Content-Length: 71[\r][\n]"
22:10:22.738 [main] DEBUG org.apache.http.wire - http-outgoing-1 << "ETag: W/"47-/jbyqL0I6cBqr9bxq5U0u84nUyc"[\r][\n]"
22:10:22.738 [main] DEBUG org.apache.http.wire - http-outgoing-1 << "Date: Wed, 07 May 2025 01:10:22 GMT[\r][\n]"
22:10:22.738 [main] DEBUG org.apache.http.wire - http-outgoing-1 << "Connection: keep-alive[\r][\n]"
22:10:22.738 [main] DEBUG org.apache.http.wire - http-outgoing-1 << "Keep-Alive: timeout=5[\r][\n]"
22:10:22.738 [main] DEBUG org.apache.http.wire - http-outgoing-1 << "[\r][\n]"
22:10:22.738 [main] DEBUG org.apache.http.wire - http-outgoing-1 << "{"id":"138","name":"HawaiiPrueba","image":"hawaiian.png","price":"$14"}"
22:10:22.738 [main] DEBUG org.apache.http.headers - http-outgoing-1 << HTTP/1.1 200 OK
22:10:22.738 [main] DEBUG org.apache.http.headers - http-outgoing-1 << X-Powered-By: Express
22:10:22.738 [main] DEBUG org.apache.http.headers - http-outgoing-1 << Content-Type: application/json; charset=utf-8
22:10:22.738 [main] DEBUG org.apache.http.headers - http-outgoing-1 << Content-Length: 71
22:10:22.738 [main] DEBUG org.apache.http.headers - http-outgoing-1 << ETag: W/"47-/jbyqL0I6cBqr9bxq5U0u84nUyc"
22:10:22.738 [main] DEBUG org.apache.http.headers - http-outgoing-1 << Date: Wed, 07 May 2025 01:10:22 GMT
22:10:22.738 [main] DEBUG org.apache.http.headers - http-outgoing-1 << Connection: keep-alive
22:10:22.738 [main] DEBUG org.apache.http.headers - http-outgoing-1 << Keep-Alive: timeout=5
22:10:22.738 [main] DEBUG org.apache.http.impl.execchain.MainClientExec - Connection can be kept alive for 5000 MILLISECONDS
22:10:22.739 [main] DEBUG org.apache.http.impl.conn.PoolingHttpClientConnectionManager - Connection [id: 1][route: {}->http://localhost:3100] can be kept alive for 5.0 seconds
22:10:22.739 [main] DEBUG org.apache.http.impl.conn.DefaultManagedHttpClientConnection - http-outgoing-1: set socket timeout to 0
22:10:22.739 [main] DEBUG org.apache.http.impl.conn.PoolingHttpClientConnectionManager - Connection released: [id: 1][route: {}->http://localhost:3100][total available: 1; route allocated: 1 of 5; total allocated: 1 of 10]
22:10:22.739 [main] DEBUG com.intuit.karate - response time in milliseconds: 11
2 < 200
2 < X-Powered-By: Express
2 < Content-Type: application/json; charset=utf-8
2 < Content-Length: 71
2 < ETag: W/"47-/jbyqL0I6cBqr9bxq5U0u84nUyc"
2 < Date: Wed, 07 May 2025 01:10:22 GMT
2 < Connection: keep-alive
2 < Keep-Alive: timeout=5
{"id":"138","name":"HawaiiPrueba","image":"hawaiian.png","price":"$14"}

22:10:22.751 [Finalizer] DEBUG org.apache.http.impl.conn.PoolingHttpClientConnectionManager - Connection manager is shutting down
22:10:22.751 [Finalizer] DEBUG org.apache.http.impl.conn.DefaultManagedHttpClientConnection - http-outgoing-0: Close connection
22:10:22.752 [Finalizer] DEBUG org.apache.http.impl.conn.PoolingHttpClientConnectionManager - Connection manager shut down
22:10:22.752 [Finalizer] DEBUG org.apache.http.impl.conn.PoolingHttpClientConnectionManager - Connection manager is shutting down
22:10:22.752 [Finalizer] DEBUG org.apache.http.impl.conn.DefaultManagedHttpClientConnection - http-outgoing-1: Close connection
22:10:22.753 [Finalizer] DEBUG org.apache.http.impl.conn.PoolingHttpClientConnectionManager - Connection manager shut down
]]></system-out>
  </testcase>
  <testcase name="[2:32] Add item for existent id (conflict)" classname="features/inventory_test" time="0.038">
    <system-out><![CDATA[22:10:22.781 [main] DEBUG com.jayway.jsonpath.internal.path.CompiledPath - Evaluating path: $
22:10:22.785 [main] DEBUG org.apache.http.client.protocol.RequestAddCookies - CookieSpec selected: karate
22:10:22.785 [main] DEBUG org.apache.http.client.protocol.RequestAuthCache - Auth cache not set in the context
22:10:22.786 [main] DEBUG com.intuit.karate - request:
1 > POST http://localhost:3100/api/inventory/add
1 > Content-Type: application/json; charset=UTF-8
1 > Content-Length: 66
1 > Host: localhost:3100
1 > Connection: Keep-Alive
1 > User-Agent: Apache-HttpClient/4.5.13 (Java/21.0.2)
1 > Accept-Encoding: gzip,deflate
{"id":"10","name":"Hawaiian","image":"hawaiian.png","price":"$14"}

22:10:22.786 [main] DEBUG org.apache.http.impl.conn.PoolingHttpClientConnectionManager - Connection request: [route: {}->http://localhost:3100][total available: 0; route allocated: 0 of 5; total allocated: 0 of 10]
22:10:22.786 [main] DEBUG org.apache.http.impl.conn.PoolingHttpClientConnectionManager - Connection leased: [id: 2][route: {}->http://localhost:3100][total available: 0; route allocated: 1 of 5; total allocated: 1 of 10]
22:10:22.786 [main] DEBUG org.apache.http.impl.execchain.MainClientExec - Opening connection {}->http://localhost:3100
22:10:22.786 [main] DEBUG org.apache.http.impl.conn.DefaultHttpClientConnectionOperator - Connecting to localhost/127.0.0.1:3100
22:10:22.788 [main] DEBUG org.apache.http.impl.conn.DefaultHttpClientConnectionOperator - Connection established 127.0.0.1:60465<->127.0.0.1:3100
22:10:22.788 [main] DEBUG org.apache.http.impl.conn.DefaultManagedHttpClientConnection - http-outgoing-2: set socket timeout to 30000
22:10:22.788 [main] DEBUG org.apache.http.impl.execchain.MainClientExec - Executing request POST /api/inventory/add HTTP/1.1
22:10:22.788 [main] DEBUG org.apache.http.impl.execchain.MainClientExec - Target auth state: UNCHALLENGED
22:10:22.788 [main] DEBUG org.apache.http.impl.execchain.MainClientExec - Proxy auth state: UNCHALLENGED
22:10:22.788 [main] DEBUG org.apache.http.headers - http-outgoing-2 >> POST /api/inventory/add HTTP/1.1
22:10:22.788 [main] DEBUG org.apache.http.headers - http-outgoing-2 >> Content-Type: application/json; charset=UTF-8
22:10:22.788 [main] DEBUG org.apache.http.headers - http-outgoing-2 >> Content-Length: 66
22:10:22.788 [main] DEBUG org.apache.http.headers - http-outgoing-2 >> Host: localhost:3100
22:10:22.788 [main] DEBUG org.apache.http.headers - http-outgoing-2 >> Connection: Keep-Alive
22:10:22.788 [main] DEBUG org.apache.http.headers - http-outgoing-2 >> User-Agent: Apache-HttpClient/4.5.13 (Java/21.0.2)
22:10:22.788 [main] DEBUG org.apache.http.headers - http-outgoing-2 >> Accept-Encoding: gzip,deflate
22:10:22.788 [main] DEBUG org.apache.http.wire - http-outgoing-2 >> "POST /api/inventory/add HTTP/1.1[\r][\n]"
22:10:22.788 [main] DEBUG org.apache.http.wire - http-outgoing-2 >> "Content-Type: application/json; charset=UTF-8[\r][\n]"
22:10:22.788 [main] DEBUG org.apache.http.wire - http-outgoing-2 >> "Content-Length: 66[\r][\n]"
22:10:22.789 [main] DEBUG org.apache.http.wire - http-outgoing-2 >> "Host: localhost:3100[\r][\n]"
22:10:22.789 [main] DEBUG org.apache.http.wire - http-outgoing-2 >> "Connection: Keep-Alive[\r][\n]"
22:10:22.789 [main] DEBUG org.apache.http.wire - http-outgoing-2 >> "User-Agent: Apache-HttpClient/4.5.13 (Java/21.0.2)[\r][\n]"
22:10:22.789 [main] DEBUG org.apache.http.wire - http-outgoing-2 >> "Accept-Encoding: gzip,deflate[\r][\n]"
22:10:22.789 [main] DEBUG org.apache.http.wire - http-outgoing-2 >> "[\r][\n]"
22:10:22.789 [main] DEBUG org.apache.http.wire - http-outgoing-2 >> "{"id":"10","name":"Hawaiian","image":"hawaiian.png","price":"$14"}"
22:10:22.801 [main] DEBUG org.apache.http.wire - http-outgoing-2 << "HTTP/1.1 400 Bad Request[\r][\n]"
22:10:22.801 [main] DEBUG org.apache.http.wire - http-outgoing-2 << "X-Powered-By: Express[\r][\n]"
22:10:22.801 [main] DEBUG org.apache.http.wire - http-outgoing-2 << "Content-Type: text/plain; charset=utf-8[\r][\n]"
22:10:22.801 [main] DEBUG org.apache.http.wire - http-outgoing-2 << "Content-Length: 11[\r][\n]"
22:10:22.801 [main] DEBUG org.apache.http.wire - http-outgoing-2 << "ETag: W/"b-EFiDB1U+dmqzx9Mo2UjcZ1SJPO8"[\r][\n]"
22:10:22.801 [main] DEBUG org.apache.http.wire - http-outgoing-2 << "Date: Wed, 07 May 2025 01:10:22 GMT[\r][\n]"
22:10:22.801 [main] DEBUG org.apache.http.wire - http-outgoing-2 << "Connection: keep-alive[\r][\n]"
22:10:22.801 [main] DEBUG org.apache.http.wire - http-outgoing-2 << "Keep-Alive: timeout=5[\r][\n]"
22:10:22.801 [main] DEBUG org.apache.http.wire - http-outgoing-2 << "[\r][\n]"
22:10:22.801 [main] DEBUG org.apache.http.wire - http-outgoing-2 << "Bad Request"
22:10:22.801 [main] DEBUG org.apache.http.headers - http-outgoing-2 << HTTP/1.1 400 Bad Request
22:10:22.802 [main] DEBUG org.apache.http.headers - http-outgoing-2 << X-Powered-By: Express
22:10:22.802 [main] DEBUG org.apache.http.headers - http-outgoing-2 << Content-Type: text/plain; charset=utf-8
22:10:22.802 [main] DEBUG org.apache.http.headers - http-outgoing-2 << Content-Length: 11
22:10:22.802 [main] DEBUG org.apache.http.headers - http-outgoing-2 << ETag: W/"b-EFiDB1U+dmqzx9Mo2UjcZ1SJPO8"
22:10:22.802 [main] DEBUG org.apache.http.headers - http-outgoing-2 << Date: Wed, 07 May 2025 01:10:22 GMT
22:10:22.802 [main] DEBUG org.apache.http.headers - http-outgoing-2 << Connection: keep-alive
22:10:22.802 [main] DEBUG org.apache.http.headers - http-outgoing-2 << Keep-Alive: timeout=5
22:10:22.802 [main] DEBUG org.apache.http.impl.execchain.MainClientExec - Connection can be kept alive for 5000 MILLISECONDS
22:10:22.802 [main] DEBUG org.apache.http.impl.conn.PoolingHttpClientConnectionManager - Connection [id: 2][route: {}->http://localhost:3100] can be kept alive for 5.0 seconds
22:10:22.802 [main] DEBUG org.apache.http.impl.conn.DefaultManagedHttpClientConnection - http-outgoing-2: set socket timeout to 0
22:10:22.802 [main] DEBUG org.apache.http.impl.conn.PoolingHttpClientConnectionManager - Connection released: [id: 2][route: {}->http://localhost:3100][total available: 1; route allocated: 1 of 5; total allocated: 1 of 10]
22:10:22.802 [main] DEBUG com.intuit.karate - response time in milliseconds: 16
1 < 400
1 < X-Powered-By: Express
1 < Content-Type: text/plain; charset=utf-8
1 < Content-Length: 11
1 < ETag: W/"b-EFiDB1U+dmqzx9Mo2UjcZ1SJPO8"
1 < Date: Wed, 07 May 2025 01:10:22 GMT
1 < Connection: keep-alive
1 < Keep-Alive: timeout=5
Bad Request

]]></system-out>
  </testcase>
  <testcase name="[3:39] Add item with missing info" classname="features/inventory_test" time="0.024">
    <system-out><![CDATA[22:10:22.815 [main] DEBUG com.jayway.jsonpath.internal.path.CompiledPath - Evaluating path: $
22:10:22.816 [main] DEBUG org.apache.http.client.protocol.RequestAddCookies - CookieSpec selected: karate
22:10:22.816 [main] DEBUG org.apache.http.client.protocol.RequestAuthCache - Auth cache not set in the context
22:10:22.816 [main] DEBUG com.intuit.karate - request:
1 > POST http://localhost:3100/api/inventory/add
1 > Content-Type: application/json; charset=UTF-8
1 > Content-Length: 57
1 > Host: localhost:3100
1 > Connection: Keep-Alive
1 > User-Agent: Apache-HttpClient/4.5.13 (Java/21.0.2)
1 > Accept-Encoding: gzip,deflate
{"name":"Missing ID","image":"missing.png","price":"$10"}

22:10:22.816 [main] DEBUG org.apache.http.impl.conn.PoolingHttpClientConnectionManager - Connection request: [route: {}->http://localhost:3100][total available: 0; route allocated: 0 of 5; total allocated: 0 of 10]
22:10:22.817 [main] DEBUG org.apache.http.impl.conn.PoolingHttpClientConnectionManager - Connection leased: [id: 3][route: {}->http://localhost:3100][total available: 0; route allocated: 1 of 5; total allocated: 1 of 10]
22:10:22.817 [main] DEBUG org.apache.http.impl.execchain.MainClientExec - Opening connection {}->http://localhost:3100
22:10:22.817 [main] DEBUG org.apache.http.impl.conn.DefaultHttpClientConnectionOperator - Connecting to localhost/127.0.0.1:3100
22:10:22.819 [main] DEBUG org.apache.http.impl.conn.DefaultHttpClientConnectionOperator - Connection established 127.0.0.1:60466<->127.0.0.1:3100
22:10:22.819 [main] DEBUG org.apache.http.impl.conn.DefaultManagedHttpClientConnection - http-outgoing-3: set socket timeout to 30000
22:10:22.819 [main] DEBUG org.apache.http.impl.execchain.MainClientExec - Executing request POST /api/inventory/add HTTP/1.1
22:10:22.819 [main] DEBUG org.apache.http.impl.execchain.MainClientExec - Target auth state: UNCHALLENGED
22:10:22.819 [main] DEBUG org.apache.http.impl.execchain.MainClientExec - Proxy auth state: UNCHALLENGED
22:10:22.819 [main] DEBUG org.apache.http.headers - http-outgoing-3 >> POST /api/inventory/add HTTP/1.1
22:10:22.819 [main] DEBUG org.apache.http.headers - http-outgoing-3 >> Content-Type: application/json; charset=UTF-8
22:10:22.819 [main] DEBUG org.apache.http.headers - http-outgoing-3 >> Content-Length: 57
22:10:22.819 [main] DEBUG org.apache.http.headers - http-outgoing-3 >> Host: localhost:3100
22:10:22.819 [main] DEBUG org.apache.http.headers - http-outgoing-3 >> Connection: Keep-Alive
22:10:22.819 [main] DEBUG org.apache.http.headers - http-outgoing-3 >> User-Agent: Apache-HttpClient/4.5.13 (Java/21.0.2)
22:10:22.819 [main] DEBUG org.apache.http.headers - http-outgoing-3 >> Accept-Encoding: gzip,deflate
22:10:22.819 [main] DEBUG org.apache.http.wire - http-outgoing-3 >> "POST /api/inventory/add HTTP/1.1[\r][\n]"
22:10:22.819 [main] DEBUG org.apache.http.wire - http-outgoing-3 >> "Content-Type: application/json; charset=UTF-8[\r][\n]"
22:10:22.819 [main] DEBUG org.apache.http.wire - http-outgoing-3 >> "Content-Length: 57[\r][\n]"
22:10:22.819 [main] DEBUG org.apache.http.wire - http-outgoing-3 >> "Host: localhost:3100[\r][\n]"
22:10:22.819 [main] DEBUG org.apache.http.wire - http-outgoing-3 >> "Connection: Keep-Alive[\r][\n]"
22:10:22.819 [main] DEBUG org.apache.http.wire - http-outgoing-3 >> "User-Agent: Apache-HttpClient/4.5.13 (Java/21.0.2)[\r][\n]"
22:10:22.819 [main] DEBUG org.apache.http.wire - http-outgoing-3 >> "Accept-Encoding: gzip,deflate[\r][\n]"
22:10:22.819 [main] DEBUG org.apache.http.wire - http-outgoing-3 >> "[\r][\n]"
22:10:22.819 [main] DEBUG org.apache.http.wire - http-outgoing-3 >> "{"name":"Missing ID","image":"missing.png","price":"$10"}"
22:10:22.827 [main] DEBUG org.apache.http.wire - http-outgoing-3 << "HTTP/1.1 400 Bad Request[\r][\n]"
22:10:22.827 [main] DEBUG org.apache.http.wire - http-outgoing-3 << "X-Powered-By: Express[\r][\n]"
22:10:22.827 [main] DEBUG org.apache.http.wire - http-outgoing-3 << "Content-Type: text/html; charset=utf-8[\r][\n]"
22:10:22.827 [main] DEBUG org.apache.http.wire - http-outgoing-3 << "Content-Length: 28[\r][\n]"
22:10:22.827 [main] DEBUG org.apache.http.wire - http-outgoing-3 << "ETag: W/"1c-k7jAXLdqgoyddFLKVx/smZcPhI0"[\r][\n]"
22:10:22.827 [main] DEBUG org.apache.http.wire - http-outgoing-3 << "Date: Wed, 07 May 2025 01:10:22 GMT[\r][\n]"
22:10:22.827 [main] DEBUG org.apache.http.wire - http-outgoing-3 << "Connection: keep-alive[\r][\n]"
22:10:22.827 [main] DEBUG org.apache.http.wire - http-outgoing-3 << "Keep-Alive: timeout=5[\r][\n]"
22:10:22.827 [main] DEBUG org.apache.http.wire - http-outgoing-3 << "[\r][\n]"
22:10:22.827 [main] DEBUG org.apache.http.wire - http-outgoing-3 << "Not all requirements are met"
22:10:22.827 [main] DEBUG org.apache.http.headers - http-outgoing-3 << HTTP/1.1 400 Bad Request
22:10:22.827 [main] DEBUG org.apache.http.headers - http-outgoing-3 << X-Powered-By: Express
22:10:22.827 [main] DEBUG org.apache.http.headers - http-outgoing-3 << Content-Type: text/html; charset=utf-8
22:10:22.827 [main] DEBUG org.apache.http.headers - http-outgoing-3 << Content-Length: 28
22:10:22.827 [main] DEBUG org.apache.http.headers - http-outgoing-3 << ETag: W/"1c-k7jAXLdqgoyddFLKVx/smZcPhI0"
22:10:22.827 [main] DEBUG org.apache.http.headers - http-outgoing-3 << Date: Wed, 07 May 2025 01:10:22 GMT
22:10:22.827 [main] DEBUG org.apache.http.headers - http-outgoing-3 << Connection: keep-alive
22:10:22.827 [main] DEBUG org.apache.http.headers - http-outgoing-3 << Keep-Alive: timeout=5
22:10:22.827 [main] DEBUG org.apache.http.impl.execchain.MainClientExec - Connection can be kept alive for 5000 MILLISECONDS
22:10:22.827 [main] DEBUG org.apache.http.impl.conn.PoolingHttpClientConnectionManager - Connection [id: 3][route: {}->http://localhost:3100] can be kept alive for 5.0 seconds
22:10:22.827 [main] DEBUG org.apache.http.impl.conn.DefaultManagedHttpClientConnection - http-outgoing-3: set socket timeout to 0
22:10:22.827 [main] DEBUG org.apache.http.impl.conn.PoolingHttpClientConnectionManager - Connection released: [id: 3][route: {}->http://localhost:3100][total available: 1; route allocated: 1 of 5; total allocated: 1 of 10]
22:10:22.828 [main] DEBUG com.intuit.karate - response time in milliseconds: 11
1 < 400
1 < X-Powered-By: Express
1 < Content-Type: text/html; charset=utf-8
1 < Content-Length: 28
1 < ETag: W/"1c-k7jAXLdqgoyddFLKVx/smZcPhI0"
1 < Date: Wed, 07 May 2025 01:10:22 GMT
1 < Connection: keep-alive
1 < Keep-Alive: timeout=5
Not all requirements are met

]]></system-out>
  </testcase>
  <testcase name="[4:48] Get all menu items" classname="features/inventory_test" time="0.042">
    <system-out><![CDATA[22:10:22.840 [main] DEBUG org.apache.http.client.protocol.RequestAddCookies - CookieSpec selected: karate
22:10:22.840 [main] DEBUG org.apache.http.client.protocol.RequestAuthCache - Auth cache not set in the context
22:10:22.840 [main] DEBUG com.intuit.karate - request:
1 > GET http://localhost:3100/api/inventory
1 > Host: localhost:3100
1 > Connection: Keep-Alive
1 > User-Agent: Apache-HttpClient/4.5.13 (Java/21.0.2)
1 > Accept-Encoding: gzip,deflate


22:10:22.840 [main] DEBUG org.apache.http.impl.conn.PoolingHttpClientConnectionManager - Connection request: [route: {}->http://localhost:3100][total available: 0; route allocated: 0 of 5; total allocated: 0 of 10]
22:10:22.841 [main] DEBUG org.apache.http.impl.conn.PoolingHttpClientConnectionManager - Connection leased: [id: 4][route: {}->http://localhost:3100][total available: 0; route allocated: 1 of 5; total allocated: 1 of 10]
22:10:22.841 [main] DEBUG org.apache.http.impl.execchain.MainClientExec - Opening connection {}->http://localhost:3100
22:10:22.841 [main] DEBUG org.apache.http.impl.conn.DefaultHttpClientConnectionOperator - Connecting to localhost/127.0.0.1:3100
22:10:22.842 [main] DEBUG org.apache.http.impl.conn.DefaultHttpClientConnectionOperator - Connection established 127.0.0.1:60467<->127.0.0.1:3100
22:10:22.842 [main] DEBUG org.apache.http.impl.conn.DefaultManagedHttpClientConnection - http-outgoing-4: set socket timeout to 30000
22:10:22.842 [main] DEBUG org.apache.http.impl.execchain.MainClientExec - Executing request GET /api/inventory HTTP/1.1
22:10:22.842 [main] DEBUG org.apache.http.impl.execchain.MainClientExec - Target auth state: UNCHALLENGED
22:10:22.842 [main] DEBUG org.apache.http.impl.execchain.MainClientExec - Proxy auth state: UNCHALLENGED
22:10:22.842 [main] DEBUG org.apache.http.headers - http-outgoing-4 >> GET /api/inventory HTTP/1.1
22:10:22.842 [main] DEBUG org.apache.http.headers - http-outgoing-4 >> Host: localhost:3100
22:10:22.842 [main] DEBUG org.apache.http.headers - http-outgoing-4 >> Connection: Keep-Alive
22:10:22.842 [main] DEBUG org.apache.http.headers - http-outgoing-4 >> User-Agent: Apache-HttpClient/4.5.13 (Java/21.0.2)
22:10:22.842 [main] DEBUG org.apache.http.headers - http-outgoing-4 >> Accept-Encoding: gzip,deflate
22:10:22.842 [main] DEBUG org.apache.http.wire - http-outgoing-4 >> "GET /api/inventory HTTP/1.1[\r][\n]"
22:10:22.842 [main] DEBUG org.apache.http.wire - http-outgoing-4 >> "Host: localhost:3100[\r][\n]"
22:10:22.842 [main] DEBUG org.apache.http.wire - http-outgoing-4 >> "Connection: Keep-Alive[\r][\n]"
22:10:22.842 [main] DEBUG org.apache.http.wire - http-outgoing-4 >> "User-Agent: Apache-HttpClient/4.5.13 (Java/21.0.2)[\r][\n]"
22:10:22.843 [main] DEBUG org.apache.http.wire - http-outgoing-4 >> "Accept-Encoding: gzip,deflate[\r][\n]"
22:10:22.843 [main] DEBUG org.apache.http.wire - http-outgoing-4 >> "[\r][\n]"
22:10:22.852 [main] DEBUG org.apache.http.wire - http-outgoing-4 << "HTTP/1.1 200 OK[\r][\n]"
22:10:22.852 [main] DEBUG org.apache.http.wire - http-outgoing-4 << "X-Powered-By: Express[\r][\n]"
22:10:22.852 [main] DEBUG org.apache.http.wire - http-outgoing-4 << "Content-Type: application/json; charset=utf-8[\r][\n]"
22:10:22.852 [main] DEBUG org.apache.http.wire - http-outgoing-4 << "Content-Length: 2187[\r][\n]"
22:10:22.852 [main] DEBUG org.apache.http.wire - http-outgoing-4 << "ETag: W/"88b-QUVeHDIUgkDibUbY+HPMk1BG9JE"[\r][\n]"
22:10:22.852 [main] DEBUG org.apache.http.wire - http-outgoing-4 << "Date: Wed, 07 May 2025 01:10:22 GMT[\r][\n]"
22:10:22.853 [main] DEBUG org.apache.http.wire - http-outgoing-4 << "Connection: keep-alive[\r][\n]"
22:10:22.853 [main] DEBUG org.apache.http.wire - http-outgoing-4 << "Keep-Alive: timeout=5[\r][\n]"
22:10:22.853 [main] DEBUG org.apache.http.wire - http-outgoing-4 << "[\r][\n]"
22:10:22.853 [main] DEBUG org.apache.http.wire - http-outgoing-4 << "{"data":[{"id":"1","name":"Classic Muzzarella","image":"classic.png","price":"$8"},{"id":"2","name":"Crispy Bacon","image":"bacon.png","price":"$9"},{"id":"3","name":"Baked Rolls x 8","image":"roll.png","price":"$10"},{"id":"4","name":"Garlic Mix","image":"garlicmix.png","price":"$9"},{"id":"5","name":"Margarita","image":"margarita.png","price":"$9"},{"id":"6","name":"Veggie","image":"veggie.png","price":"$8"},{"id":"7","name":"Super Pepperoni","image":"extrapeperoni.png","price":"$10"},{"id":"8","name":"Evergreen Cream","image":"evergreen.png","price":"$9"},{"id":"9","name":"Muzzarella BBQ","image":"bbqcheese.png","price":"$9"},{"id":"10","name":"Hawaiian","image":"hawaiian.png","price":"$14"},{"id":"11","name":"Hawaiian","image":"hawaiian.png","price":"$14"},{"id":"newItem","name":"Hawaiian","image":"hawaiian.png","price":"$14"},{"id":"id","name":"Hawaiian","image":"hawaiian.png","price":"$14"},{"id":"94","name":"Pizza-94","image":"hawaiian.png","price":"$14"},{"id":"34","name":"HawaiiPrueba","image":"hawaiian.png","price":"$14"},{"id":"79","name":"HawaiiPrueba","image":"hawaiian.png","price":"$14"},{"id":"38","name":"HawaiiPrueba","image":"hawaiian.png","price":"$14"},{"id":"81","name":"HawaiiPrueba","image":"hawaiian.png","price":"$14"},{"id":"37","name":"HawaiiPrueba","image":"hawaiian.png","price":"$14"},{"id":"19","name":"HawaiiPrueba","image":"hawaiian.png","price":"$14"},{"id":"91","name":"HawaiiPrueba","image":"hawaiian.png","price":"$14"},{"id":"28","name":"HawaiiPrueba","image":"hawaiian.png","price":"$14"},{"id":"75","name":"HawaiiPrueba","image":"hawaiian.png","price":"$14"},{"id":"85","name":"HawaiiPrueba","image":"hawaiian.png","price":"$14"},{"id":"46","name":"HawaiiPrueba","image":"hawaiian.png","price":"$14"},{"id":"15","name":"HawaiiPrueba","image":"hawaiian.png","price":"$14"},{"id":"45","name":"HawaiiPrueba","image":"hawaiian.png","price":"$14"},{"id":"83","name":"HawaiiPrueba","image":"hawaiian.png","price":"$14"},{"id":"76","name":"HawaiiPrueba","image":"hawaiian.png","price":"$14"},{"id":"155","name":"HawaiiPrueba","image":"hawaiian.png","price":"$14"},{"id":"138","name":"HawaiiPrueba","image":"hawaiian.png","price":"$14"}]}"
22:10:22.853 [main] DEBUG org.apache.http.headers - http-outgoing-4 << HTTP/1.1 200 OK
22:10:22.853 [main] DEBUG org.apache.http.headers - http-outgoing-4 << X-Powered-By: Express
22:10:22.853 [main] DEBUG org.apache.http.headers - http-outgoing-4 << Content-Type: application/json; charset=utf-8
22:10:22.853 [main] DEBUG org.apache.http.headers - http-outgoing-4 << Content-Length: 2187
22:10:22.853 [main] DEBUG org.apache.http.headers - http-outgoing-4 << ETag: W/"88b-QUVeHDIUgkDibUbY+HPMk1BG9JE"
22:10:22.853 [main] DEBUG org.apache.http.headers - http-outgoing-4 << Date: Wed, 07 May 2025 01:10:22 GMT
22:10:22.853 [main] DEBUG org.apache.http.headers - http-outgoing-4 << Connection: keep-alive
22:10:22.853 [main] DEBUG org.apache.http.headers - http-outgoing-4 << Keep-Alive: timeout=5
22:10:22.853 [main] DEBUG org.apache.http.impl.execchain.MainClientExec - Connection can be kept alive for 5000 MILLISECONDS
22:10:22.853 [main] DEBUG org.apache.http.impl.conn.PoolingHttpClientConnectionManager - Connection [id: 4][route: {}->http://localhost:3100] can be kept alive for 5.0 seconds
22:10:22.853 [main] DEBUG org.apache.http.impl.conn.DefaultManagedHttpClientConnection - http-outgoing-4: set socket timeout to 0
22:10:22.853 [main] DEBUG org.apache.http.impl.conn.PoolingHttpClientConnectionManager - Connection released: [id: 4][route: {}->http://localhost:3100][total available: 1; route allocated: 1 of 5; total allocated: 1 of 10]
22:10:22.854 [main] DEBUG com.intuit.karate - response time in milliseconds: 14
1 < 200
1 < X-Powered-By: Express
1 < Content-Type: application/json; charset=utf-8
1 < Content-Length: 2187
1 < ETag: W/"88b-QUVeHDIUgkDibUbY+HPMk1BG9JE"
1 < Date: Wed, 07 May 2025 01:10:22 GMT
1 < Connection: keep-alive
1 < Keep-Alive: timeout=5
{"data":[{"id":"1","name":"Classic Muzzarella","image":"classic.png","price":"$8"},{"id":"2","name":"Crispy Bacon","image":"bacon.png","price":"$9"},{"id":"3","name":"Baked Rolls x 8","image":"roll.png","price":"$10"},{"id":"4","name":"Garlic Mix","image":"garlicmix.png","price":"$9"},{"id":"5","name":"Margarita","image":"margarita.png","price":"$9"},{"id":"6","name":"Veggie","image":"veggie.png","price":"$8"},{"id":"7","name":"Super Pepperoni","image":"extrapeperoni.png","price":"$10"},{"id":"8","name":"Evergreen Cream","image":"evergreen.png","price":"$9"},{"id":"9","name":"Muzzarella BBQ","image":"bbqcheese.png","price":"$9"},{"id":"10","name":"Hawaiian","image":"hawaiian.png","price":"$14"},{"id":"11","name":"Hawaiian","image":"hawaiian.png","price":"$14"},{"id":"newItem","name":"Hawaiian","image":"hawaiian.png","price":"$14"},{"id":"id","name":"Hawaiian","image":"hawaiian.png","price":"$14"},{"id":"94","name":"Pizza-94","image":"hawaiian.png","price":"$14"},{"id":"34","name":"HawaiiPrueba","image":"hawaiian.png","price":"$14"},{"id":"79","name":"HawaiiPrueba","image":"hawaiian.png","price":"$14"},{"id":"38","name":"HawaiiPrueba","image":"hawaiian.png","price":"$14"},{"id":"81","name":"HawaiiPrueba","image":"hawaiian.png","price":"$14"},{"id":"37","name":"HawaiiPrueba","image":"hawaiian.png","price":"$14"},{"id":"19","name":"HawaiiPrueba","image":"hawaiian.png","price":"$14"},{"id":"91","name":"HawaiiPrueba","image":"hawaiian.png","price":"$14"},{"id":"28","name":"HawaiiPrueba","image":"hawaiian.png","price":"$14"},{"id":"75","name":"HawaiiPrueba","image":"hawaiian.png","price":"$14"},{"id":"85","name":"HawaiiPrueba","image":"hawaiian.png","price":"$14"},{"id":"46","name":"HawaiiPrueba","image":"hawaiian.png","price":"$14"},{"id":"15","name":"HawaiiPrueba","image":"hawaiian.png","price":"$14"},{"id":"45","name":"HawaiiPrueba","image":"hawaiian.png","price":"$14"},{"id":"83","name":"HawaiiPrueba","image":"hawaiian.png","price":"$14"},{"id":"76","name":"HawaiiPrueba","image":"hawaiian.png","price":"$14"},{"id":"155","name":"HawaiiPrueba","image":"hawaiian.png","price":"$14"},{"id":"138","name":"HawaiiPrueba","image":"hawaiian.png","price":"$14"}]}

22:10:22.862 [main] DEBUG com.jayway.jsonpath.internal.path.CompiledPath - Evaluating path: $['data']
22:10:22.862 [main] DEBUG com.jayway.jsonpath.internal.path.CompiledPath - Evaluating path: $
]]></system-out>
  </testcase>
  <testcase name="[5:55] Filter by id" classname="features/inventory_test" time="0.819">
    <system-out><![CDATA[22:10:22.889 [main] DEBUG org.apache.http.client.protocol.RequestAddCookies - CookieSpec selected: karate
22:10:22.890 [main] DEBUG org.apache.http.client.protocol.RequestAuthCache - Auth cache not set in the context
22:10:22.890 [main] DEBUG com.intuit.karate - request:
1 > GET http://localhost:3100/api/inventory/filter?id=3
1 > Host: localhost:3100
1 > Connection: Keep-Alive
1 > User-Agent: Apache-HttpClient/4.5.13 (Java/21.0.2)
1 > Accept-Encoding: gzip,deflate


22:10:22.890 [main] DEBUG org.apache.http.impl.conn.PoolingHttpClientConnectionManager - Connection request: [route: {}->http://localhost:3100][total available: 0; route allocated: 0 of 5; total allocated: 0 of 10]
22:10:22.890 [main] DEBUG org.apache.http.impl.conn.PoolingHttpClientConnectionManager - Connection leased: [id: 5][route: {}->http://localhost:3100][total available: 0; route allocated: 1 of 5; total allocated: 1 of 10]
22:10:22.890 [main] DEBUG org.apache.http.impl.execchain.MainClientExec - Opening connection {}->http://localhost:3100
22:10:22.890 [main] DEBUG org.apache.http.impl.conn.DefaultHttpClientConnectionOperator - Connecting to localhost/127.0.0.1:3100
22:10:22.891 [main] DEBUG org.apache.http.impl.conn.DefaultHttpClientConnectionOperator - Connection established 127.0.0.1:60468<->127.0.0.1:3100
22:10:22.891 [main] DEBUG org.apache.http.impl.conn.DefaultManagedHttpClientConnection - http-outgoing-5: set socket timeout to 30000
22:10:22.891 [main] DEBUG org.apache.http.impl.execchain.MainClientExec - Executing request GET /api/inventory/filter?id=3 HTTP/1.1
22:10:22.891 [main] DEBUG org.apache.http.impl.execchain.MainClientExec - Target auth state: UNCHALLENGED
22:10:22.891 [main] DEBUG org.apache.http.impl.execchain.MainClientExec - Proxy auth state: UNCHALLENGED
22:10:22.891 [main] DEBUG org.apache.http.headers - http-outgoing-5 >> GET /api/inventory/filter?id=3 HTTP/1.1
22:10:22.891 [main] DEBUG org.apache.http.headers - http-outgoing-5 >> Host: localhost:3100
22:10:22.891 [main] DEBUG org.apache.http.headers - http-outgoing-5 >> Connection: Keep-Alive
22:10:22.891 [main] DEBUG org.apache.http.headers - http-outgoing-5 >> User-Agent: Apache-HttpClient/4.5.13 (Java/21.0.2)
22:10:22.891 [main] DEBUG org.apache.http.headers - http-outgoing-5 >> Accept-Encoding: gzip,deflate
22:10:22.891 [main] DEBUG org.apache.http.wire - http-outgoing-5 >> "GET /api/inventory/filter?id=3 HTTP/1.1[\r][\n]"
22:10:22.891 [main] DEBUG org.apache.http.wire - http-outgoing-5 >> "Host: localhost:3100[\r][\n]"
22:10:22.891 [main] DEBUG org.apache.http.wire - http-outgoing-5 >> "Connection: Keep-Alive[\r][\n]"
22:10:22.892 [main] DEBUG org.apache.http.wire - http-outgoing-5 >> "User-Agent: Apache-HttpClient/4.5.13 (Java/21.0.2)[\r][\n]"
22:10:22.892 [main] DEBUG org.apache.http.wire - http-outgoing-5 >> "Accept-Encoding: gzip,deflate[\r][\n]"
22:10:22.892 [main] DEBUG org.apache.http.wire - http-outgoing-5 >> "[\r][\n]"
22:10:22.898 [main] DEBUG org.apache.http.wire - http-outgoing-5 << "HTTP/1.1 200 OK[\r][\n]"
22:10:22.899 [main] DEBUG org.apache.http.wire - http-outgoing-5 << "X-Powered-By: Express[\r][\n]"
22:10:22.899 [main] DEBUG org.apache.http.wire - http-outgoing-5 << "Content-Type: application/json; charset=utf-8[\r][\n]"
22:10:22.899 [main] DEBUG org.apache.http.wire - http-outgoing-5 << "Content-Length: 68[\r][\n]"
22:10:22.899 [main] DEBUG org.apache.http.wire - http-outgoing-5 << "ETag: W/"44-vJ0RBTNCd/juNFNVN25r22XAjZQ"[\r][\n]"
22:10:22.899 [main] DEBUG org.apache.http.wire - http-outgoing-5 << "Date: Wed, 07 May 2025 01:10:22 GMT[\r][\n]"
22:10:22.899 [main] DEBUG org.apache.http.wire - http-outgoing-5 << "Connection: keep-alive[\r][\n]"
22:10:22.899 [main] DEBUG org.apache.http.wire - http-outgoing-5 << "Keep-Alive: timeout=5[\r][\n]"
22:10:22.899 [main] DEBUG org.apache.http.wire - http-outgoing-5 << "[\r][\n]"
22:10:22.899 [main] DEBUG org.apache.http.wire - http-outgoing-5 << "{"id":"3","name":"Baked Rolls x 8","image":"roll.png","price":"$10"}"
22:10:22.899 [main] DEBUG org.apache.http.headers - http-outgoing-5 << HTTP/1.1 200 OK
22:10:22.899 [main] DEBUG org.apache.http.headers - http-outgoing-5 << X-Powered-By: Express
22:10:22.899 [main] DEBUG org.apache.http.headers - http-outgoing-5 << Content-Type: application/json; charset=utf-8
22:10:22.899 [main] DEBUG org.apache.http.headers - http-outgoing-5 << Content-Length: 68
22:10:22.899 [main] DEBUG org.apache.http.headers - http-outgoing-5 << ETag: W/"44-vJ0RBTNCd/juNFNVN25r22XAjZQ"
22:10:22.899 [main] DEBUG org.apache.http.headers - http-outgoing-5 << Date: Wed, 07 May 2025 01:10:22 GMT
22:10:22.899 [main] DEBUG org.apache.http.headers - http-outgoing-5 << Connection: keep-alive
22:10:22.899 [main] DEBUG org.apache.http.headers - http-outgoing-5 << Keep-Alive: timeout=5
22:10:22.899 [main] DEBUG org.apache.http.impl.execchain.MainClientExec - Connection can be kept alive for 5000 MILLISECONDS
22:10:22.899 [main] DEBUG org.apache.http.impl.conn.PoolingHttpClientConnectionManager - Connection [id: 5][route: {}->http://localhost:3100] can be kept alive for 5.0 seconds
22:10:22.899 [main] DEBUG org.apache.http.impl.conn.DefaultManagedHttpClientConnection - http-outgoing-5: set socket timeout to 0
22:10:22.899 [main] DEBUG org.apache.http.impl.conn.PoolingHttpClientConnectionManager - Connection released: [id: 5][route: {}->http://localhost:3100][total available: 1; route allocated: 1 of 5; total allocated: 1 of 10]
22:10:22.899 [main] DEBUG com.intuit.karate - response time in milliseconds: 9
1 < 200
1 < X-Powered-By: Express
1 < Content-Type: application/json; charset=utf-8
1 < Content-Length: 68
1 < ETag: W/"44-vJ0RBTNCd/juNFNVN25r22XAjZQ"
1 < Date: Wed, 07 May 2025 01:10:22 GMT
1 < Connection: keep-alive
1 < Keep-Alive: timeout=5
{"id":"3","name":"Baked Rolls x 8","image":"roll.png","price":"$10"}

22:10:22.901 [main] DEBUG com.jayway.jsonpath.internal.path.CompiledPath - Evaluating path: $
22:10:22.941 [main] DEBUG org.thymeleaf.TemplateEngine - [THYMELEAF] INITIALIZING TEMPLATE ENGINE
22:10:23.076 [Finalizer] DEBUG org.apache.http.impl.conn.PoolingHttpClientConnectionManager - Connection manager is shutting down
22:10:23.077 [Finalizer] DEBUG org.apache.http.impl.conn.DefaultManagedHttpClientConnection - http-outgoing-3: Close connection
22:10:23.077 [Finalizer] DEBUG org.apache.http.impl.conn.PoolingHttpClientConnectionManager - Connection manager shut down
22:10:23.078 [Finalizer] DEBUG org.apache.http.impl.conn.PoolingHttpClientConnectionManager - Connection manager is shutting down
22:10:23.078 [Finalizer] DEBUG org.apache.http.impl.conn.DefaultManagedHttpClientConnection - http-outgoing-2: Close connection
22:10:23.078 [Finalizer] DEBUG org.apache.http.impl.conn.PoolingHttpClientConnectionManager - Connection manager shut down
22:10:23.078 [Finalizer] DEBUG org.apache.http.impl.conn.PoolingHttpClientConnectionManager - Connection manager is shutting down
22:10:23.078 [Finalizer] DEBUG org.apache.http.impl.conn.DefaultManagedHttpClientConnection - http-outgoing-5: Close connection
22:10:23.078 [Finalizer] DEBUG org.apache.http.impl.conn.PoolingHttpClientConnectionManager - Connection manager shut down
22:10:23.078 [Finalizer] DEBUG org.apache.http.impl.conn.PoolingHttpClientConnectionManager - Connection manager is shutting down
22:10:23.078 [Finalizer] DEBUG org.apache.http.impl.conn.DefaultManagedHttpClientConnection - http-outgoing-4: Close connection
22:10:23.078 [Finalizer] DEBUG org.apache.http.impl.conn.PoolingHttpClientConnectionManager - Connection manager shut down
22:10:23.152 [main] DEBUG org.thymeleaf.TemplateEngine.CONFIG - Initializing Thymeleaf Template engine configuration...
[THYMELEAF] TEMPLATE ENGINE CONFIGURATION:
[THYMELEAF] * Thymeleaf version: 3.0.14.RELEASE (built 2021-12-08T00:45:29+0000)
[THYMELEAF] * Cache Manager implementation: org.thymeleaf.cache.StandardCacheManager
[THYMELEAF] * Template resolvers:
[THYMELEAF]     * [1] com.intuit.karate.template.ResourceHtmlTemplateResolver
[THYMELEAF] * Message resolvers:
[THYMELEAF]     * org.thymeleaf.messageresolver.StandardMessageResolver
[THYMELEAF] * Link builders:
[THYMELEAF]     * org.thymeleaf.linkbuilder.StandardLinkBuilder
[THYMELEAF] * Dialect [1 of 2]: Standard (com.intuit.karate.template.KarateStandardDialect)
[THYMELEAF]     * Prefix: "th"
[THYMELEAF]     * Processors for Template Mode: HTML
[THYMELEAF]         * Element Tag Processors by [matching element and attribute name] [precedence]:
[THYMELEAF]             * [* {th:include,data-th-include}] [100]: org.thymeleaf.standard.processor.StandardIncludeTagProcessor
[THYMELEAF]             * [* {th:insert,data-th-insert}] [100]: org.thymeleaf.standard.processor.StandardInsertTagProcessor
[THYMELEAF]             * [* {th:replace,data-th-replace}] [100]: org.thymeleaf.standard.processor.StandardReplaceTagProcessor
[THYMELEAF]             * [* {th:substituteby,data-th-substituteby}] [100]: org.thymeleaf.standard.processor.StandardSubstituteByTagProcessor
[THYMELEAF]             * [* {th:each,data-th-each}] [200]: com.intuit.karate.template.KarateEachTagProcessor
[THYMELEAF]             * [* {th:switch,data-th-switch}] [250]: org.thymeleaf.standard.processor.StandardSwitchTagProcessor
[THYMELEAF]             * [* {th:case,data-th-case}] [275]: org.thymeleaf.standard.processor.StandardCaseTagProcessor
[THYMELEAF]             * [* {th:if,data-th-if}] [300]: org.thymeleaf.standard.processor.StandardIfTagProcessor
[THYMELEAF]             * [* {th:unless,data-th-unless}] [400]: org.thymeleaf.standard.processor.StandardUnlessTagProcessor
[THYMELEAF]             * [* {th:object,data-th-object}] [500]: org.thymeleaf.standard.processor.StandardObjectTagProcessor
[THYMELEAF]             * [* {th:with,data-th-with}] [600]: com.intuit.karate.template.KarateWithTagProcessor
[THYMELEAF]             * [* {th:attr,data-th-attr}] [700]: com.intuit.karate.template.KarateAttributeTagProcessor.KarateAttrTagProcessor
[THYMELEAF]             * [* {th:attrappend,data-th-attrappend}] [900]: com.intuit.karate.template.KarateAttributeTagProcessor.KarateAttrappendTagProcessor
[THYMELEAF]             * [* {th:attrprepend,data-th-attrprepend}] [900]: com.intuit.karate.template.KarateAttributeTagProcessor.KarateAttrprependTagProcessor
[THYMELEAF]             * [* {th:alt-title,data-th-alt-title}] [990]: org.thymeleaf.standard.processor.StandardAltTitleTagProcessor
[THYMELEAF]             * [* {th:lang-xmllang,data-th-lang-xmllang}] [990]: org.thymeleaf.standard.processor.StandardLangXmlLangTagProcessor
[THYMELEAF]             * [* {th:action,data-th-action}] [1000]: org.thymeleaf.standard.processor.StandardActionTagProcessor
[THYMELEAF]             * [* {th:readonly,data-th-readonly}] [1000]: org.thymeleaf.standard.processor.StandardConditionalFixedValueTagProcessor
[THYMELEAF]             * [* {th:pubdate,data-th-pubdate}] [1000]: org.thymeleaf.standard.processor.StandardConditionalFixedValueTagProcessor
[THYMELEAF]             * [* {th:default,data-th-default}] [1000]: org.thymeleaf.standard.processor.StandardConditionalFixedValueTagProcessor
[THYMELEAF]             * [* {th:scoped,data-th-scoped}] [1000]: org.thymeleaf.standard.processor.StandardConditionalFixedValueTagProcessor
[THYMELEAF]             * [* {th:hidden,data-th-hidden}] [1000]: org.thymeleaf.standard.processor.StandardConditionalFixedValueTagProcessor
[THYMELEAF]             * [* {th:selected,data-th-selected}] [1000]: org.thymeleaf.standard.processor.StandardConditionalFixedValueTagProcessor
[THYMELEAF]             * [* {th:formnovalidate,data-th-formnovalidate}] [1000]: org.thymeleaf.standard.processor.StandardConditionalFixedValueTagProcessor
[THYMELEAF]             * [* {th:autoplay,data-th-autoplay}] [1000]: org.thymeleaf.standard.processor.StandardConditionalFixedValueTagProcessor
[THYMELEAF]             * [* {th:declare,data-th-declare}] [1000]: org.thymeleaf.standard.processor.StandardConditionalFixedValueTagProcessor
[THYMELEAF]             * [* {th:ismap,data-th-ismap}] [1000]: org.thymeleaf.standard.processor.StandardConditionalFixedValueTagProcessor
[THYMELEAF]             * [* {th:autofocus,data-th-autofocus}] [1000]: org.thymeleaf.standard.processor.StandardConditionalFixedValueTagProcessor
[THYMELEAF]             * [* {th:open,data-th-open}] [1000]: org.thymeleaf.standard.processor.StandardConditionalFixedValueTagProcessor
[THYMELEAF]             * [* {th:reversed,data-th-reversed}] [1000]: org.thymeleaf.standard.processor.StandardConditionalFixedValueTagProcessor
[THYMELEAF]             * [* {th:loop,data-th-loop}] [1000]: org.thymeleaf.standard.processor.StandardConditionalFixedValueTagProcessor
[THYMELEAF]             * [* {th:nowrap,data-th-nowrap}] [1000]: org.thymeleaf.standard.processor.StandardConditionalFixedValueTagProcessor
[THYMELEAF]             * [* {th:controls,data-th-controls}] [1000]: org.thymeleaf.standard.processor.StandardConditionalFixedValueTagProcessor
[THYMELEAF]             * [* {th:defer,data-th-defer}] [1000]: org.thymeleaf.standard.processor.StandardConditionalFixedValueTagProcessor
[THYMELEAF]             * [* {th:novalidate,data-th-novalidate}] [1000]: org.thymeleaf.standard.processor.StandardConditionalFixedValueTagProcessor
[THYMELEAF]             * [* {th:checked,data-th-checked}] [1000]: org.thymeleaf.standard.processor.StandardConditionalFixedValueTagProcessor
[THYMELEAF]             * [* {th:disabled,data-th-disabled}] [1000]: org.thymeleaf.standard.processor.StandardConditionalFixedValueTagProcessor
[THYMELEAF]             * [* {th:required,data-th-required}] [1000]: org.thymeleaf.standard.processor.StandardConditionalFixedValueTagProcessor
[THYMELEAF]             * [* {th:multiple,data-th-multiple}] [1000]: org.thymeleaf.standard.processor.StandardConditionalFixedValueTagProcessor
[THYMELEAF]             * [* {th:seamless,data-th-seamless}] [1000]: org.thymeleaf.standard.processor.StandardConditionalFixedValueTagProcessor
[THYMELEAF]             * [* {th:async,data-th-async}] [1000]: org.thymeleaf.standard.processor.StandardConditionalFixedValueTagProcessor
[THYMELEAF]             * [* {th:onmouseout,data-th-onmouseout}] [1000]: org.thymeleaf.standard.processor.StandardDOMEventAttributeTagProcessor
[THYMELEAF]             * [* {th:onpause,data-th-onpause}] [1000]: org.thymeleaf.standard.processor.StandardDOMEventAttributeTagProcessor
[THYMELEAF]             * [* {th:oninput,data-th-oninput}] [1000]: org.thymeleaf.standard.processor.StandardDOMEventAttributeTagProcessor
[THYMELEAF]             * [* {th:ontimeupdate,data-th-ontimeupdate}] [1000]: org.thymeleaf.standard.processor.StandardDOMEventAttributeTagProcessor
[THYMELEAF]             * [* {th:onmessage,data-th-onmessage}] [1000]: org.thymeleaf.standard.processor.StandardDOMEventAttributeTagProcessor
[THYMELEAF]             * [* {th:onclick,data-th-onclick}] [1000]: org.thymeleaf.standard.processor.StandardDOMEventAttributeTagProcessor
[THYMELEAF]             * [* {th:oncontextmenu,data-th-oncontextmenu}] [1000]: org.thymeleaf.standard.processor.StandardDOMEventAttributeTagProcessor
[THYMELEAF]             * [* {th:onmousedown,data-th-onmousedown}] [1000]: org.thymeleaf.standard.processor.StandardDOMEventAttributeTagProcessor
[THYMELEAF]             * [* {th:onplay,data-th-onplay}] [1000]: org.thymeleaf.standard.processor.StandardDOMEventAttributeTagProcessor
[THYMELEAF]             * [* {th:onscroll,data-th-onscroll}] [1000]: org.thymeleaf.standard.processor.StandardDOMEventAttributeTagProcessor
[THYMELEAF]             * [* {th:onabort,data-th-onabort}] [1000]: org.thymeleaf.standard.processor.StandardDOMEventAttributeTagProcessor
[THYMELEAF]             * [* {th:ononline,data-th-ononline}] [1000]: org.thymeleaf.standard.processor.StandardDOMEventAttributeTagProcessor
[THYMELEAF]             * [* {th:onstalled,data-th-onstalled}] [1000]: org.thymeleaf.standard.processor.StandardDOMEventAttributeTagProcessor
[THYMELEAF]             * [* {th:onfocus,data-th-onfocus}] [1000]: org.thymeleaf.standard.processor.StandardDOMEventAttributeTagProcessor
[THYMELEAF]             * [* {th:onreadystatechange,data-th-onreadystatechange}] [1000]: org.thymeleaf.standard.processor.StandardDOMEventAttributeTagProcessor
[THYMELEAF]             * [* {th:ondragleave,data-th-ondragleave}] [1000]: org.thymeleaf.standard.processor.StandardDOMEventAttributeTagProcessor
[THYMELEAF]             * [* {th:onsuspend,data-th-onsuspend}] [1000]: org.thymeleaf.standard.processor.StandardDOMEventAttributeTagProcessor
[THYMELEAF]             * [* {th:ondrop,data-th-ondrop}] [1000]: org.thymeleaf.standard.processor.StandardDOMEventAttributeTagProcessor
[THYMELEAF]             * [* {th:onselect,data-th-onselect}] [1000]: org.thymeleaf.standard.processor.StandardDOMEventAttributeTagProcessor
[THYMELEAF]             * [* {th:ondragenter,data-th-ondragenter}] [1000]: org.thymeleaf.standard.processor.StandardDOMEventAttributeTagProcessor
[THYMELEAF]             * [* {th:onblur,data-th-onblur}] [1000]: org.thymeleaf.standard.processor.StandardDOMEventAttributeTagProcessor
[THYMELEAF]             * [* {th:onended,data-th-onended}] [1000]: org.thymeleaf.standard.processor.StandardDOMEventAttributeTagProcessor
[THYMELEAF]             * [* {th:onratechange,data-th-onratechange}] [1000]: org.thymeleaf.standard.processor.StandardDOMEventAttributeTagProcessor
[THYMELEAF]             * [* {th:onforminput,data-th-onforminput}] [1000]: org.thymeleaf.standard.processor.StandardDOMEventAttributeTagProcessor
[THYMELEAF]             * [* {th:onerror,data-th-onerror}] [1000]: org.thymeleaf.standard.processor.StandardDOMEventAttributeTagProcessor
[THYMELEAF]             * [* {th:onsubmit,data-th-onsubmit}] [1000]: org.thymeleaf.standard.processor.StandardDOMEventAttributeTagProcessor
[THYMELEAF]             * [* {th:oninvalid,data-th-oninvalid}] [1000]: org.thymeleaf.standard.processor.StandardDOMEventAttributeTagProcessor
[THYMELEAF]             * [* {th:onformchange,data-th-onformchange}] [1000]: org.thymeleaf.standard.processor.StandardDOMEventAttributeTagProcessor
[THYMELEAF]             * [* {th:onkeydown,data-th-onkeydown}] [1000]: org.thymeleaf.standard.processor.StandardDOMEventAttributeTagProcessor
[THYMELEAF]             * [* {th:onwaiting,data-th-onwaiting}] [1000]: org.thymeleaf.standard.processor.StandardDOMEventAttributeTagProcessor
[THYMELEAF]             * [* {th:onloadeddata,data-th-onloadeddata}] [1000]: org.thymeleaf.standard.processor.StandardDOMEventAttributeTagProcessor
[THYMELEAF]             * [* {th:onhashchange,data-th-onhashchange}] [1000]: org.thymeleaf.standard.processor.StandardDOMEventAttributeTagProcessor
[THYMELEAF]             * [* {th:onpopstate,data-th-onpopstate}] [1000]: org.thymeleaf.standard.processor.StandardDOMEventAttributeTagProcessor
[THYMELEAF]             * [* {th:onbeforeunload,data-th-onbeforeunload}] [1000]: org.thymeleaf.standard.processor.StandardDOMEventAttributeTagProcessor
[THYMELEAF]             * [* {th:onmouseup,data-th-onmouseup}] [1000]: org.thymeleaf.standard.processor.StandardDOMEventAttributeTagProcessor
[THYMELEAF]             * [* {th:onseeked,data-th-onseeked}] [1000]: org.thymeleaf.standard.processor.StandardDOMEventAttributeTagProcessor
[THYMELEAF]             * [* {th:onresize,data-th-onresize}] [1000]: org.thymeleaf.standard.processor.StandardDOMEventAttributeTagProcessor
[THYMELEAF]             * [* {th:oncanplay,data-th-oncanplay}] [1000]: org.thymeleaf.standard.processor.StandardDOMEventAttributeTagProcessor
[THYMELEAF]             * [* {th:onmouseover,data-th-onmouseover}] [1000]: org.thymeleaf.standard.processor.StandardDOMEventAttributeTagProcessor
[THYMELEAF]             * [* {th:onseeking,data-th-onseeking}] [1000]: org.thymeleaf.standard.processor.StandardDOMEventAttributeTagProcessor
[THYMELEAF]             * [* {th:onvolumechange,data-th-onvolumechange}] [1000]: org.thymeleaf.standard.processor.StandardDOMEventAttributeTagProcessor
[THYMELEAF]             * [* {th:onload,data-th-onload}] [1000]: org.thymeleaf.standard.processor.StandardDOMEventAttributeTagProcessor
[THYMELEAF]             * [* {th:ondragover,data-th-ondragover}] [1000]: org.thymeleaf.standard.processor.StandardDOMEventAttributeTagProcessor
[THYMELEAF]             * [* {th:onredo,data-th-onredo}] [1000]: org.thymeleaf.standard.processor.StandardDOMEventAttributeTagProcessor
[THYMELEAF]             * [* {th:onstorage,data-th-onstorage}] [1000]: org.thymeleaf.standard.processor.StandardDOMEventAttributeTagProcessor
[THYMELEAF]             * [* {th:onmousemove,data-th-onmousemove}] [1000]: org.thymeleaf.standard.processor.StandardDOMEventAttributeTagProcessor
[THYMELEAF]             * [* {th:ondrag,data-th-ondrag}] [1000]: org.thymeleaf.standard.processor.StandardDOMEventAttributeTagProcessor
[THYMELEAF]             * [* {th:onundo,data-th-onundo}] [1000]: org.thymeleaf.standard.processor.StandardDOMEventAttributeTagProcessor
[THYMELEAF]             * [* {th:onbeforeprint,data-th-onbeforeprint}] [1000]: org.thymeleaf.standard.processor.StandardDOMEventAttributeTagProcessor
[THYMELEAF]             * [* {th:ondragstart,data-th-ondragstart}] [1000]: org.thymeleaf.standard.processor.StandardDOMEventAttributeTagProcessor
[THYMELEAF]             * [* {th:onloadedmetadata,data-th-onloadedmetadata}] [1000]: org.thymeleaf.standard.processor.StandardDOMEventAttributeTagProcessor
[THYMELEAF]             * [* {th:onkeypress,data-th-onkeypress}] [1000]: org.thymeleaf.standard.processor.StandardDOMEventAttributeTagProcessor
[THYMELEAF]             * [* {th:onshow,data-th-onshow}] [1000]: org.thymeleaf.standard.processor.StandardDOMEventAttributeTagProcessor
[THYMELEAF]             * [* {th:onunload,data-th-onunload}] [1000]: org.thymeleaf.standard.processor.StandardDOMEventAttributeTagProcessor
[THYMELEAF]             * [* {th:ondragend,data-th-ondragend}] [1000]: org.thymeleaf.standard.processor.StandardDOMEventAttributeTagProcessor
[THYMELEAF]             * [* {th:onmousewheel,data-th-onmousewheel}] [1000]: org.thymeleaf.standard.processor.StandardDOMEventAttributeTagProcessor
[THYMELEAF]             * [* {th:oncanplaythrough,data-th-oncanplaythrough}] [1000]: org.thymeleaf.standard.processor.StandardDOMEventAttributeTagProcessor
[THYMELEAF]             * [* {th:onchange,data-th-onchange}] [1000]: org.thymeleaf.standard.processor.StandardDOMEventAttributeTagProcessor
[THYMELEAF]             * [* {th:onreset,data-th-onreset}] [1000]: org.thymeleaf.standard.processor.StandardDOMEventAttributeTagProcessor
[THYMELEAF]             * [* {th:onafterprint,data-th-onafterprint}] [1000]: org.thymeleaf.standard.processor.StandardDOMEventAttributeTagProcessor
[THYMELEAF]             * [* {th:ondurationchange,data-th-ondurationchange}] [1000]: org.thymeleaf.standard.processor.StandardDOMEventAttributeTagProcessor
[THYMELEAF]             * [* {th:onplaying,data-th-onplaying}] [1000]: org.thymeleaf.standard.processor.StandardDOMEventAttributeTagProcessor
[THYMELEAF]             * [* {th:onprogress,data-th-onprogress}] [1000]: org.thymeleaf.standard.processor.StandardDOMEventAttributeTagProcessor
[THYMELEAF]             * [* {th:onemptied,data-th-onemptied}] [1000]: org.thymeleaf.standard.processor.StandardDOMEventAttributeTagProcessor
[THYMELEAF]             * [* {th:onoffline,data-th-onoffline}] [1000]: org.thymeleaf.standard.processor.StandardDOMEventAttributeTagProcessor
[THYMELEAF]             * [* {th:onloadstart,data-th-onloadstart}] [1000]: org.thymeleaf.standard.processor.StandardDOMEventAttributeTagProcessor
[THYMELEAF]             * [* {th:ondblclick,data-th-ondblclick}] [1000]: org.thymeleaf.standard.processor.StandardDOMEventAttributeTagProcessor
[THYMELEAF]             * [* {th:onkeyup,data-th-onkeyup}] [1000]: org.thymeleaf.standard.processor.StandardDOMEventAttributeTagProcessor
[THYMELEAF]             * [* {th:href,data-th-href}] [1000]: org.thymeleaf.standard.processor.StandardHrefTagProcessor
[THYMELEAF]             * [* {th:inline,data-th-inline}] [1000]: org.thymeleaf.standard.processor.StandardInlineHTMLTagProcessor
[THYMELEAF]             * [* {th:method,data-th-method}] [1000]: org.thymeleaf.standard.processor.StandardMethodTagProcessor
[THYMELEAF]             * [* {th:type,data-th-type}] [1000]: org.thymeleaf.standard.processor.StandardNonRemovableAttributeTagProcessor
[THYMELEAF]             * [* {th:name,data-th-name}] [1000]: org.thymeleaf.standard.processor.StandardNonRemovableAttributeTagProcessor
[THYMELEAF]             * [* {th:hreflang,data-th-hreflang}] [1000]: org.thymeleaf.standard.processor.StandardRemovableAttributeTagProcessor
[THYMELEAF]             * [* {th:preload,data-th-preload}] [1000]: org.thymeleaf.standard.processor.StandardRemovableAttributeTagProcessor
[THYMELEAF]             * [* {th:http-equiv,data-th-http-equiv}] [1000]: org.thymeleaf.standard.processor.StandardRemovableAttributeTagProcessor
[THYMELEAF]             * [* {th:media,data-th-media}] [1000]: org.thymeleaf.standard.processor.StandardRemovableAttributeTagProcessor
[THYMELEAF]             * [* {th:label,data-th-label}] [1000]: org.thymeleaf.standard.processor.StandardRemovableAttributeTagProcessor
[THYMELEAF]             * [* {th:rows,data-th-rows}] [1000]: org.thymeleaf.standard.processor.StandardRemovableAttributeTagProcessor
[THYMELEAF]             * [* {th:manifest,data-th-manifest}] [1000]: org.thymeleaf.standard.processor.StandardRemovableAttributeTagProcessor
[THYMELEAF]             * [* {th:frameborder,data-th-frameborder}] [1000]: org.thymeleaf.standard.processor.StandardRemovableAttributeTagProcessor
[THYMELEAF]             * [* {th:frame,data-th-frame}] [1000]: org.thymeleaf.standard.processor.StandardRemovableAttributeTagProcessor
[THYMELEAF]             * [* {th:accept,data-th-accept}] [1000]: org.thymeleaf.standard.processor.StandardRemovableAttributeTagProcessor
[THYMELEAF]             * [* {th:scrolling,data-th-scrolling}] [1000]: org.thymeleaf.standard.processor.StandardRemovableAttributeTagProcessor
[THYMELEAF]             * [* {th:low,data-th-low}] [1000]: org.thymeleaf.standard.processor.StandardRemovableAttributeTagProcessor
[THYMELEAF]             * [* {th:summary,data-th-summary}] [1000]: org.thymeleaf.standard.processor.StandardRemovableAttributeTagProcessor
[THYMELEAF]             * [* {th:vspace,data-th-vspace}] [1000]: org.thymeleaf.standard.processor.StandardRemovableAttributeTagProcessor
[THYMELEAF]             * [* {th:optimum,data-th-optimum}] [1000]: org.thymeleaf.standard.processor.StandardRemovableAttributeTagProcessor
[THYMELEAF]             * [* {th:formtarget,data-th-formtarget}] [1000]: org.thymeleaf.standard.processor.StandardRemovableAttributeTagProcessor
[THYMELEAF]             * [* {th:charset,data-th-charset}] [1000]: org.thymeleaf.standard.processor.StandardRemovableAttributeTagProcessor
[THYMELEAF]             * [* {th:enctype,data-th-enctype}] [1000]: org.thymeleaf.standard.processor.StandardRemovableAttributeTagProcessor
[THYMELEAF]             * [* {th:cite,data-th-cite}] [1000]: org.thymeleaf.standard.processor.StandardRemovableAttributeTagProcessor
[THYMELEAF]             * [* {th:rev,data-th-rev}] [1000]: org.thymeleaf.standard.processor.StandardRemovableAttributeTagProcessor
[THYMELEAF]             * [* {th:dir,data-th-dir}] [1000]: org.thymeleaf.standard.processor.StandardRemovableAttributeTagProcessor
[THYMELEAF]             * [* {th:min,data-th-min}] [1000]: org.thymeleaf.standard.processor.StandardRemovableAttributeTagProcessor
[THYMELEAF]             * [* {th:sizes,data-th-sizes}] [1000]: org.thymeleaf.standard.processor.StandardRemovableAttributeTagProcessor
[THYMELEAF]             * [* {th:compact,data-th-compact}] [1000]: org.thymeleaf.standard.processor.StandardRemovableAttributeTagProcessor
[THYMELEAF]             * [* {th:radiogroup,data-th-radiogroup}] [1000]: org.thymeleaf.standard.processor.StandardRemovableAttributeTagProcessor
[THYMELEAF]             * [* {th:class,data-th-class}] [1000]: org.thymeleaf.standard.processor.StandardRemovableAttributeTagProcessor
[THYMELEAF]             * [* {th:start,data-th-start}] [1000]: org.thymeleaf.standard.processor.StandardRemovableAttributeTagProcessor
[THYMELEAF]             * [* {th:placeholder,data-th-placeholder}] [1000]: org.thymeleaf.standard.processor.StandardRemovableAttributeTagProcessor
[THYMELEAF]             * [* {th:contenteditable,data-th-contenteditable}] [1000]: org.thymeleaf.standard.processor.StandardRemovableAttributeTagProcessor
[THYMELEAF]             * [* {th:srclang,data-th-srclang}] [1000]: org.thymeleaf.standard.processor.StandardRemovableAttributeTagProcessor
[THYMELEAF]             * [* {th:cellspacing,data-th-cellspacing}] [1000]: org.thymeleaf.standard.processor.StandardRemovableAttributeTagProcessor
[THYMELEAF]             * [* {th:accept-charset,data-th-accept-charset}] [1000]: org.thymeleaf.standard.processor.StandardRemovableAttributeTagProcessor
[THYMELEAF]             * [* {th:pattern,data-th-pattern}] [1000]: org.thymeleaf.standard.processor.StandardRemovableAttributeTagProcessor
[THYMELEAF]             * [* {th:for,data-th-for}] [1000]: org.thymeleaf.standard.processor.StandardRemovableAttributeTagProcessor
[THYMELEAF]             * [* {th:target,data-th-target}] [1000]: org.thymeleaf.standard.processor.StandardRemovableAttributeTagProcessor
[THYMELEAF]             * [* {th:challenge,data-th-challenge}] [1000]: org.thymeleaf.standard.processor.StandardRemovableAttributeTagProcessor
[THYMELEAF]             * [* {th:longdesc,data-th-longdesc}] [1000]: org.thymeleaf.standard.processor.StandardRemovableAttributeTagProcessor
[THYMELEAF]             * [* {th:bgcolor,data-th-bgcolor}] [1000]: org.thymeleaf.standard.processor.StandardRemovableAttributeTagProcessor
[THYMELEAF]             * [* {th:poster,data-th-poster}] [1000]: org.thymeleaf.standard.processor.StandardRemovableAttributeTagProcessor
[THYMELEAF]             * [* {th:alt,data-th-alt}] [1000]: org.thymeleaf.standard.processor.StandardRemovableAttributeTagProcessor
[THYMELEAF]             * [* {th:autocomplete,data-th-autocomplete}] [1000]: org.thymeleaf.standard.processor.StandardRemovableAttributeTagProcessor
[THYMELEAF]             * [* {th:codetype,data-th-codetype}] [1000]: org.thymeleaf.standard.processor.StandardRemovableAttributeTagProcessor
[THYMELEAF]             * [* {th:data,data-th-data}] [1000]: org.thymeleaf.standard.processor.StandardRemovableAttributeTagProcessor
[THYMELEAF]             * [* {th:id,data-th-id}] [1000]: org.thymeleaf.standard.processor.StandardRemovableAttributeTagProcessor
[THYMELEAF]             * [* {th:style,data-th-style}] [1000]: org.thymeleaf.standard.processor.StandardRemovableAttributeTagProcessor
[THYMELEAF]             * [* {th:scheme,data-th-scheme}] [1000]: org.thymeleaf.standard.processor.StandardRemovableAttributeTagProcessor
[THYMELEAF]             * [* {th:draggable,data-th-draggable}] [1000]: org.thymeleaf.standard.processor.StandardRemovableAttributeTagProcessor
[THYMELEAF]             * [* {th:span,data-th-span}] [1000]: org.thymeleaf.standard.processor.StandardRemovableAttributeTagProcessor
[THYMELEAF]             * [* {th:marginheight,data-th-marginheight}] [1000]: org.thymeleaf.standard.processor.StandardRemovableAttributeTagProcessor
[THYMELEAF]             * [* {th:tabindex,data-th-tabindex}] [1000]: org.thymeleaf.standard.processor.StandardRemovableAttributeTagProcessor
[THYMELEAF]             * [* {th:size,data-th-size}] [1000]: org.thymeleaf.standard.processor.StandardRemovableAttributeTagProcessor
[THYMELEAF]             * [* {th:marginwidth,data-th-marginwidth}] [1000]: org.thymeleaf.standard.processor.StandardRemovableAttributeTagProcessor
[THYMELEAF]             * [* {th:background,data-th-background}] [1000]: org.thymeleaf.standard.processor.StandardRemovableAttributeTagProcessor
[THYMELEAF]             * [* {th:border,data-th-border}] [1000]: org.thymeleaf.standard.processor.StandardRemovableAttributeTagProcessor
[THYMELEAF]             * [* {th:datetime,data-th-datetime}] [1000]: org.thymeleaf.standard.processor.StandardRemovableAttributeTagProcessor
[THYMELEAF]             * [* {th:lang,data-th-lang}] [1000]: org.thymeleaf.standard.processor.StandardRemovableAttributeTagProcessor
[THYMELEAF]             * [* {th:step,data-th-step}] [1000]: org.thymeleaf.standard.processor.StandardRemovableAttributeTagProcessor
[THYMELEAF]             * [* {th:keytype,data-th-keytype}] [1000]: org.thymeleaf.standard.processor.StandardRemovableAttributeTagProcessor
[THYMELEAF]             * [* {th:list,data-th-list}] [1000]: org.thymeleaf.standard.processor.StandardRemovableAttributeTagProcessor
[THYMELEAF]             * [* {th:archive,data-th-archive}] [1000]: org.thymeleaf.standard.processor.StandardRemovableAttributeTagProcessor
[THYMELEAF]             * [* {th:accesskey,data-th-accesskey}] [1000]: org.thymeleaf.standard.processor.StandardRemovableAttributeTagProcessor
[THYMELEAF]             * [* {th:audio,data-th-audio}] [1000]: org.thymeleaf.standard.processor.StandardRemovableAttributeTagProcessor
[THYMELEAF]             * [* {th:valuetype,data-th-valuetype}] [1000]: org.thymeleaf.standard.processor.StandardRemovableAttributeTagProcessor
[THYMELEAF]             * [* {th:hspace,data-th-hspace}] [1000]: org.thymeleaf.standard.processor.StandardRemovableAttributeTagProcessor
[THYMELEAF]             * [* {th:usemap,data-th-usemap}] [1000]: org.thymeleaf.standard.processor.StandardRemovableAttributeTagProcessor
[THYMELEAF]             * [* {th:headers,data-th-headers}] [1000]: org.thymeleaf.standard.processor.StandardRemovableAttributeTagProcessor
[THYMELEAF]             * [* {th:codebase,data-th-codebase}] [1000]: org.thymeleaf.standard.processor.StandardRemovableAttributeTagProcessor
[THYMELEAF]             * [* {th:formaction,data-th-formaction}] [1000]: org.thymeleaf.standard.processor.StandardRemovableAttributeTagProcessor
[THYMELEAF]             * [* {th:classid,data-th-classid}] [1000]: org.thymeleaf.standard.processor.StandardRemovableAttributeTagProcessor
[THYMELEAF]             * [* {th:icon,data-th-icon}] [1000]: org.thymeleaf.standard.processor.StandardRemovableAttributeTagProcessor
[THYMELEAF]             * [* {th:width,data-th-width}] [1000]: org.thymeleaf.standard.processor.StandardRemovableAttributeTagProcessor
[THYMELEAF]             * [* {th:axis,data-th-axis}] [1000]: org.thymeleaf.standard.processor.StandardRemovableAttributeTagProcessor
[THYMELEAF]             * [* {th:rules,data-th-rules}] [1000]: org.thymeleaf.standard.processor.StandardRemovableAttributeTagProcessor
[THYMELEAF]             * [* {th:maxlength,data-th-maxlength}] [1000]: org.thymeleaf.standard.processor.StandardRemovableAttributeTagProcessor
[THYMELEAF]             * [* {th:title,data-th-title}] [1000]: org.thymeleaf.standard.processor.StandardRemovableAttributeTagProcessor
[THYMELEAF]             * [* {th:contextmenu,data-th-contextmenu}] [1000]: org.thymeleaf.standard.processor.StandardRemovableAttributeTagProcessor
[THYMELEAF]             * [* {th:dropzone,data-th-dropzone}] [1000]: org.thymeleaf.standard.processor.StandardRemovableAttributeTagProcessor
[THYMELEAF]             * [* {th:high,data-th-high}] [1000]: org.thymeleaf.standard.processor.StandardRemovableAttributeTagProcessor
[THYMELEAF]             * [* {th:content,data-th-content}] [1000]: org.thymeleaf.standard.processor.StandardRemovableAttributeTagProcessor
[THYMELEAF]             * [* {th:rel,data-th-rel}] [1000]: org.thymeleaf.standard.processor.StandardRemovableAttributeTagProcessor
[THYMELEAF]             * [* {th:rowspan,data-th-rowspan}] [1000]: org.thymeleaf.standard.processor.StandardRemovableAttributeTagProcessor
[THYMELEAF]             * [* {th:height,data-th-height}] [1000]: org.thymeleaf.standard.processor.StandardRemovableAttributeTagProcessor
[THYMELEAF]             * [* {th:spellcheck,data-th-spellcheck}] [1000]: org.thymeleaf.standard.processor.StandardRemovableAttributeTagProcessor
[THYMELEAF]             * [* {th:standby,data-th-standby}] [1000]: org.thymeleaf.standard.processor.StandardRemovableAttributeTagProcessor
[THYMELEAF]             * [* {th:cellpadding,data-th-cellpadding}] [1000]: org.thymeleaf.standard.processor.StandardRemovableAttributeTagProcessor
[THYMELEAF]             * [* {th:abbr,data-th-abbr}] [1000]: org.thymeleaf.standard.processor.StandardRemovableAttributeTagProcessor
[THYMELEAF]             * [* {th:wrap,data-th-wrap}] [1000]: org.thymeleaf.standard.processor.StandardRemovableAttributeTagProcessor
[THYMELEAF]             * [* {th:formmethod,data-th-formmethod}] [1000]: org.thymeleaf.standard.processor.StandardRemovableAttributeTagProcessor
[THYMELEAF]             * [* {th:kind,data-th-kind}] [1000]: org.thymeleaf.standard.processor.StandardRemovableAttributeTagProcessor
[THYMELEAF]             * [* {th:align,data-th-align}] [1000]: org.thymeleaf.standard.processor.StandardRemovableAttributeTagProcessor
[THYMELEAF]             * [* {th:sandbox,data-th-sandbox}] [1000]: org.thymeleaf.standard.processor.StandardRemovableAttributeTagProcessor
[THYMELEAF]             * [* {th:max,data-th-max}] [1000]: org.thymeleaf.standard.processor.StandardRemovableAttributeTagProcessor
[THYMELEAF]             * [* {th:form,data-th-form}] [1000]: org.thymeleaf.standard.processor.StandardRemovableAttributeTagProcessor
[THYMELEAF]             * [* {th:scope,data-th-scope}] [1000]: org.thymeleaf.standard.processor.StandardRemovableAttributeTagProcessor
[THYMELEAF]             * [* {th:cols,data-th-cols}] [1000]: org.thymeleaf.standard.processor.StandardRemovableAttributeTagProcessor
[THYMELEAF]             * [* {th:colspan,data-th-colspan}] [1000]: org.thymeleaf.standard.processor.StandardRemovableAttributeTagProcessor
[THYMELEAF]             * [* {th:formenctype,data-th-formenctype}] [1000]: org.thymeleaf.standard.processor.StandardRemovableAttributeTagProcessor
[THYMELEAF]             * [* {th:src,data-th-src}] [1000]: org.thymeleaf.standard.processor.StandardSrcTagProcessor
[THYMELEAF]             * [* {th:value,data-th-value}] [1000]: org.thymeleaf.standard.processor.StandardValueTagProcessor
[THYMELEAF]             * [* {th:xmlbase,data-th-xmlbase}] [1000]: org.thymeleaf.standard.processor.StandardXmlBaseTagProcessor
[THYMELEAF]             * [* {th:xmllang,data-th-xmllang}] [1000]: org.thymeleaf.standard.processor.StandardXmlLangTagProcessor
[THYMELEAF]             * [* {xmlns:th}] [1000]: org.thymeleaf.standard.processor.StandardXmlNsTagProcessor
[THYMELEAF]             * [* {th:xmlspace,data-th-xmlspace}] [1000]: org.thymeleaf.standard.processor.StandardXmlSpaceTagProcessor
[THYMELEAF]             * [* {th:classappend,data-th-classappend}] [1100]: org.thymeleaf.standard.processor.StandardClassappendTagProcessor
[THYMELEAF]             * [* {th:styleappend,data-th-styleappend}] [1100]: org.thymeleaf.standard.processor.StandardStyleappendTagProcessor
[THYMELEAF]             * [* {th:text,data-th-text}] [1300]: org.thymeleaf.standard.processor.StandardTextTagProcessor
[THYMELEAF]             * [* {th:utext,data-th-utext}] [1400]: org.thymeleaf.standard.processor.StandardUtextTagProcessor
[THYMELEAF]             * [* {th:fragment,data-th-fragment}] [1500]: org.thymeleaf.standard.processor.StandardFragmentTagProcessor
[THYMELEAF]             * [* {th:assert,data-th-assert}] [1550]: org.thymeleaf.standard.processor.StandardAssertTagProcessor
[THYMELEAF]             * [* {th:remove,data-th-remove}] [1600]: org.thymeleaf.standard.processor.StandardRemoveTagProcessor
[THYMELEAF]             * [* {th:ref,data-th-ref}] [10000]: org.thymeleaf.standard.processor.StandardRefAttributeTagProcessor
[THYMELEAF]             * [{th:block,th-block} *] [100000]: org.thymeleaf.standard.processor.StandardBlockTagProcessor
[THYMELEAF]             * [* th:*] [2147483647]: org.thymeleaf.standard.processor.StandardDefaultAttributesTagProcessor
[...]
[THYMELEAF]             * [* {th:content,data-th-content}] [1000]: org.thymeleaf.standard.processor.StandardRemovableAttributeTagProcessor
[THYMELEAF]             * [* {th:scope,data-th-scope}] [1000]: org.thymeleaf.standard.processor.StandardRemovableAttributeTagProcessor
[THYMELEAF]             * [* {th:tabindex,data-th-tabindex}] [1000]: org.thymeleaf.standard.processor.StandardRemovableAttributeTagProcessor
[THYMELEAF]             * [* {th:summary,data-th-summary}] [1000]: org.thymeleaf.standard.processor.StandardRemovableAttributeTagProcessor
[THYMELEAF]             * [* {th:high,data-th-high}] [1000]: org.thymeleaf.standard.processor.StandardRemovableAttributeTagProcessor
[THYMELEAF]             * [* {th:list,data-th-list}] [1000]: org.thymeleaf.standard.processor.StandardRemovableAttributeTagProcessor
[THYMELEAF]             * [* {th:datetime,data-th-datetime}] [1000]: org.thymeleaf.standard.processor.StandardRemovableAttributeTagProcessor
[THYMELEAF]             * [* {th:rev,data-th-rev}] [1000]: org.thymeleaf.standard.processor.StandardRemovableAttributeTagProcessor
[THYMELEAF]             * [* {th:dir,data-th-dir}] [1000]: org.thymeleaf.standard.processor.StandardRemovableAttributeTagProcessor
[THYMELEAF]             * [* {th:min,data-th-min}] [1000]: org.thymeleaf.standard.processor.StandardRemovableAttributeTagProcessor
[THYMELEAF]             * [* {th:max,data-th-max}] [1000]: org.thymeleaf.standard.processor.StandardRemovableAttributeTagProcessor
[THYMELEAF]             * [* {th:height,data-th-height}] [1000]: org.thymeleaf.standard.processor.StandardRemovableAttributeTagProcessor
[THYMELEAF]             * [* {th:scheme,data-th-scheme}] [1000]: org.thymeleaf.standard.processor.StandardRemovableAttributeTagProcessor
[THYMELEAF]             * [* {th:radiogroup,data-th-radiogroup}] [1000]: org.thymeleaf.standard.processor.StandardRemovableAttributeTagProcessor
[THYMELEAF]             * [* {th:width,data-th-width}] [1000]: org.thymeleaf.standard.processor.StandardRemovableAttributeTagProcessor
[THYMELEAF]             * [* {th:size,data-th-size}] [1000]: org.thymeleaf.standard.processor.StandardRemovableAttributeTagProcessor
[THYMELEAF]             * [* {th:class,data-th-class}] [1000]: org.thymeleaf.standard.processor.StandardRemovableAttributeTagProcessor
[THYMELEAF]             * [* {th:for,data-th-for}] [1000]: org.thymeleaf.standard.processor.StandardRemovableAttributeTagProcessor
[THYMELEAF]             * [* {th:colspan,data-th-colspan}] [1000]: org.thymeleaf.standard.processor.StandardRemovableAttributeTagProcessor
[THYMELEAF]             * [* {th:draggable,data-th-draggable}] [1000]: org.thymeleaf.standard.processor.StandardRemovableAttributeTagProcessor
[THYMELEAF]             * [* {th:poster,data-th-poster}] [1000]: org.thymeleaf.standard.processor.StandardRemovableAttributeTagProcessor
[THYMELEAF]             * [* {th:usemap,data-th-usemap}] [1000]: org.thymeleaf.standard.processor.StandardRemovableAttributeTagProcessor
[THYMELEAF]             * [* {th:contextmenu,data-th-contextmenu}] [1000]: org.thymeleaf.standard.processor.StandardRemovableAttributeTagProcessor
[THYMELEAF]             * [* {th:label,data-th-label}] [1000]: org.thymeleaf.standard.processor.StandardRemovableAttributeTagProcessor
[THYMELEAF]             * [* {th:contenteditable,data-th-contenteditable}] [1000]: org.thymeleaf.standard.processor.StandardRemovableAttributeTagProcessor
[THYMELEAF]             * [* {th:formaction,data-th-formaction}] [1000]: org.thymeleaf.standard.processor.StandardRemovableAttributeTagProcessor
[THYMELEAF]             * [* {th:cellspacing,data-th-cellspacing}] [1000]: org.thymeleaf.standard.processor.StandardRemovableAttributeTagProcessor
[THYMELEAF]             * [* {th:formenctype,data-th-formenctype}] [1000]: org.thymeleaf.standard.processor.StandardRemovableAttributeTagProcessor
[THYMELEAF]             * [* {th:archive,data-th-archive}] [1000]: org.thymeleaf.standard.processor.StandardRemovableAttributeTagProcessor
[THYMELEAF]             * [* {th:background,data-th-background}] [1000]: org.thymeleaf.standard.processor.StandardRemovableAttributeTagProcessor
[THYMELEAF]             * [* {th:optimum,data-th-optimum}] [1000]: org.thymeleaf.standard.processor.StandardRemovableAttributeTagProcessor
[THYMELEAF]             * [* {th:kind,data-th-kind}] [1000]: org.thymeleaf.standard.processor.StandardRemovableAttributeTagProcessor
[THYMELEAF]             * [* {th:style,data-th-style}] [1000]: org.thymeleaf.standard.processor.StandardRemovableAttributeTagProcessor
[THYMELEAF]             * [* {th:span,data-th-span}] [1000]: org.thymeleaf.standard.processor.StandardRemovableAttributeTagProcessor
[THYMELEAF]             * [* {th:frame,data-th-frame}] [1000]: org.thymeleaf.standard.processor.StandardRemovableAttributeTagProcessor
[THYMELEAF]             * [* {th:sandbox,data-th-sandbox}] [1000]: org.thymeleaf.standard.processor.StandardRemovableAttributeTagProcessor
[THYMELEAF]             * [* {th:codetype,data-th-codetype}] [1000]: org.thymeleaf.standard.processor.StandardRemovableAttributeTagProcessor
[THYMELEAF]             * [* {th:dropzone,data-th-dropzone}] [1000]: org.thymeleaf.standard.processor.StandardRemovableAttributeTagProcessor
[THYMELEAF]             * [* {th:src,data-th-src}] [1000]: org.thymeleaf.standard.processor.StandardSrcTagProcessor
[THYMELEAF]             * [* {th:value,data-th-value}] [1000]: org.thymeleaf.standard.processor.StandardValueTagProcessor
[THYMELEAF]             * [* {th:xmlbase,data-th-xmlbase}] [1000]: org.thymeleaf.standard.processor.StandardXmlBaseTagProcessor
[THYMELEAF]             * [* {th:xmllang,data-th-xmllang}] [1000]: org.thymeleaf.standard.processor.StandardXmlLangTagProcessor
[THYMELEAF]             * [* {xmlns:th}] [1000]: org.thymeleaf.standard.processor.StandardXmlNsTagProcessor
[THYMELEAF]             * [* {th:xmlspace,data-th-xmlspace}] [1000]: org.thymeleaf.standard.processor.StandardXmlSpaceTagProcessor
[THYMELEAF]             * [* {th:classappend,data-th-classappend}] [1100]: org.thymeleaf.standard.processor.StandardClassappendTagProcessor
[THYMELEAF]             * [* {th:styleappend,data-th-styleappend}] [1100]: org.thymeleaf.standard.processor.StandardStyleappendTagProcessor
[THYMELEAF]             * [* {th:text,data-th-text}] [1300]: org.thymeleaf.standard.processor.StandardTextTagProcessor
[THYMELEAF]             * [* {th:utext,data-th-utext}] [1400]: org.thymeleaf.standard.processor.StandardUtextTagProcessor
[THYMELEAF]             * [* {th:fragment,data-th-fragment}] [1500]: org.thymeleaf.standard.processor.StandardFragmentTagProcessor
[THYMELEAF]             * [* {th:assert,data-th-assert}] [1550]: org.thymeleaf.standard.processor.StandardAssertTagProcessor
[THYMELEAF]             * [* {th:remove,data-th-remove}] [1600]: org.thymeleaf.standard.processor.StandardRemoveTagProcessor
[THYMELEAF]             * [* {th:ref,data-th-ref}] [10000]: org.thymeleaf.standard.processor.StandardRefAttributeTagProcessor
[THYMELEAF]             * [{th:block,th-block} *] [100000]: org.thymeleaf.standard.processor.StandardBlockTagProcessor
[THYMELEAF]             * [* th:*] [2147483647]: org.thymeleaf.standard.processor.StandardDefaultAttributesTagProcessor
[THYMELEAF]         * Text Processors by [precedence]:
[THYMELEAF]             * [1000]: org.thymeleaf.standard.processor.StandardInliningTextProcessor
[THYMELEAF]         * DOCTYPE Processors by [precedence]:
[THYMELEAF]             * [1000]: org.thymeleaf.standard.processor.StandardTranslationDocTypeProcessor
[THYMELEAF]         * CDATA Section Processors by [precedence]:
[THYMELEAF]             * [1000]: org.thymeleaf.standard.processor.StandardInliningCDATASectionProcessor
[THYMELEAF]         * Comment Processors by [precedence]:
[THYMELEAF]             * [1000]: org.thymeleaf.standard.processor.StandardInliningCommentProcessor
[THYMELEAF]             * [1100]: org.thymeleaf.standard.processor.StandardConditionalCommentProcessor
[THYMELEAF]     * Processors for Template Mode: XML
[THYMELEAF]         * Element Tag Processors by [matching element and attribute name] [precedence]:
[THYMELEAF]             * [* {th:include}] [100]: org.thymeleaf.standard.processor.StandardIncludeTagProcessor
[THYMELEAF]             * [* {th:insert}] [100]: org.thymeleaf.standard.processor.StandardInsertTagProcessor
[THYMELEAF]             * [* {th:replace}] [100]: org.thymeleaf.standard.processor.StandardReplaceTagProcessor
[THYMELEAF]             * [* {th:substituteby}] [100]: org.thymeleaf.standard.processor.StandardSubstituteByTagProcessor
[THYMELEAF]             * [* {th:each}] [200]: com.intuit.karate.template.KarateEachTagProcessor
[THYMELEAF]             * [* {th:switch}] [250]: org.thymeleaf.standard.processor.StandardSwitchTagProcessor
[THYMELEAF]             * [* {th:case}] [275]: org.thymeleaf.standard.processor.StandardCaseTagProcessor
[THYMELEAF]             * [* {th:if}] [300]: org.thymeleaf.standard.processor.StandardIfTagProcessor
[THYMELEAF]             * [* {th:unless}] [400]: org.thymeleaf.standard.processor.StandardUnlessTagProcessor
[THYMELEAF]             * [* {th:object}] [500]: org.thymeleaf.standard.processor.StandardObjectTagProcessor
[THYMELEAF]             * [* {th:with}] [600]: com.intuit.karate.template.KarateWithTagProcessor
[THYMELEAF]             * [* {th:attr}] [700]: com.intuit.karate.template.KarateAttributeTagProcessor.KarateAttrTagProcessor
[THYMELEAF]             * [* {th:attrappend}] [900]: com.intuit.karate.template.KarateAttributeTagProcessor.KarateAttrappendTagProcessor
[THYMELEAF]             * [* {th:attrprepend}] [900]: com.intuit.karate.template.KarateAttributeTagProcessor.KarateAttrprependTagProcessor
[THYMELEAF]             * [* {th:inline}] [1000]: org.thymeleaf.standard.processor.StandardInlineXMLTagProcessor
[THYMELEAF]             * [* {xmlns:th}] [1000]: org.thymeleaf.standard.processor.StandardXmlNsTagProcessor
[THYMELEAF]             * [* {th:text}] [1300]: org.thymeleaf.standard.processor.StandardTextTagProcessor
[THYMELEAF]             * [* {th:utext}] [1400]: org.thymeleaf.standard.processor.StandardUtextTagProcessor
[THYMELEAF]             * [* {th:fragment}] [1500]: org.thymeleaf.standard.processor.StandardFragmentTagProcessor
[THYMELEAF]             * [* {th:assert}] [1550]: org.thymeleaf.standard.processor.StandardAssertTagProcessor
[THYMELEAF]             * [* {th:remove}] [1600]: org.thymeleaf.standard.processor.StandardRemoveTagProcessor
[THYMELEAF]             * [* {th:ref}] [10000]: org.thymeleaf.standard.processor.StandardRefAttributeTagProcessor
[THYMELEAF]             * [{th:block} *] [100000]: org.thymeleaf.standard.processor.StandardBlockTagProcessor
[THYMELEAF]             * [* th:*] [2147483647]: org.thymeleaf.standard.processor.StandardDefaultAttributesTagProcessor
[THYMELEAF]         * Text Processors by [precedence]:
[THYMELEAF]             * [1000]: org.thymeleaf.standard.processor.StandardInliningTextProcessor
[THYMELEAF]         * CDATA Section Processors by [precedence]:
[THYMELEAF]             * [1000]: org.thymeleaf.standard.processor.StandardInliningCDATASectionProcessor
[THYMELEAF]         * Comment Processors by [precedence]:
[THYMELEAF]             * [1000]: org.thymeleaf.standard.processor.StandardInliningCommentProcessor
[THYMELEAF]     * Processors for Template Mode: TEXT
[THYMELEAF]         * Element Tag Processors by [matching element and attribute name] [precedence]:
[THYMELEAF]             * [* {th:insert}] [100]: org.thymeleaf.standard.processor.StandardInsertTagProcessor
[THYMELEAF]             * [* {th:replace}] [100]: org.thymeleaf.standard.processor.StandardReplaceTagProcessor
[THYMELEAF]             * [* {th:each}] [200]: com.intuit.karate.template.KarateEachTagProcessor
[THYMELEAF]             * [* {th:switch}] [250]: org.thymeleaf.standard.processor.StandardSwitchTagProcessor
[THYMELEAF]             * [* {th:case}] [275]: org.thymeleaf.standard.processor.StandardCaseTagProcessor
[THYMELEAF]             * [* {th:if}] [300]: org.thymeleaf.standard.processor.StandardIfTagProcessor
[THYMELEAF]             * [* {th:unless}] [400]: org.thymeleaf.standard.processor.StandardUnlessTagProcessor
[THYMELEAF]             * [* {th:object}] [500]: org.thymeleaf.standard.processor.StandardObjectTagProcessor
[THYMELEAF]             * [* {th:with}] [600]: com.intuit.karate.template.KarateWithTagProcessor
[THYMELEAF]             * [* {th:inline}] [1000]: org.thymeleaf.standard.processor.StandardInlineTextualTagProcessor
[THYMELEAF]             * [* {th:text}] [1300]: org.thymeleaf.standard.processor.StandardTextTagProcessor
[THYMELEAF]             * [* {th:utext}] [1400]: org.thymeleaf.standard.processor.StandardUtextTagProcessor
[THYMELEAF]             * [* {th:assert}] [1550]: org.thymeleaf.standard.processor.StandardAssertTagProcessor
[THYMELEAF]             * [* {th:remove}] [1600]: org.thymeleaf.standard.processor.StandardRemoveTagProcessor
[THYMELEAF]             * [{th:block} *] [100000]: org.thymeleaf.standard.processor.StandardBlockTagProcessor
[THYMELEAF]             * [* 100000] [org.thymeleaf.standard.processor.StandardBlockTagProcessor]: {}
[THYMELEAF]         * Text Processors by [precedence]:
[THYMELEAF]             * [1000]: org.thymeleaf.standard.processor.StandardInliningTextProcessor
[THYMELEAF]     * Processors for Template Mode: JAVASCRIPT
[THYMELEAF]         * Element Tag Processors by [matching element and attribute name] [precedence]:
[THYMELEAF]             * [* {th:insert}] [100]: org.thymeleaf.standard.processor.StandardInsertTagProcessor
[THYMELEAF]             * [* {th:replace}] [100]: org.thymeleaf.standard.processor.StandardReplaceTagProcessor
[THYMELEAF]             * [* {th:each}] [200]: com.intuit.karate.template.KarateEachTagProcessor
[THYMELEAF]             * [* {th:switch}] [250]: org.thymeleaf.standard.processor.StandardSwitchTagProcessor
[THYMELEAF]             * [* {th:case}] [275]: org.thymeleaf.standard.processor.StandardCaseTagProcessor
[THYMELEAF]             * [* {th:if}] [300]: org.thymeleaf.standard.processor.StandardIfTagProcessor
[THYMELEAF]             * [* {th:unless}] [400]: org.thymeleaf.standard.processor.StandardUnlessTagProcessor
[THYMELEAF]             * [* {th:object}] [500]: org.thymeleaf.standard.processor.StandardObjectTagProcessor
[THYMELEAF]             * [* {th:with}] [600]: com.intuit.karate.template.KarateWithTagProcessor
[THYMELEAF]             * [* {th:inline}] [1000]: org.thymeleaf.standard.processor.StandardInlineTextualTagProcessor
[THYMELEAF]             * [* {th:text}] [1300]: org.thymeleaf.standard.processor.StandardTextTagProcessor
[THYMELEAF]             * [* {th:utext}] [1400]: org.thymeleaf.standard.processor.StandardUtextTagProcessor
[THYMELEAF]             * [* {th:assert}] [1550]: org.thymeleaf.standard.processor.StandardAssertTagProcessor
[THYMELEAF]             * [* {th:remove}] [1600]: org.thymeleaf.standard.processor.StandardRemoveTagProcessor
[THYMELEAF]             * [* 100000] [org.thymeleaf.standard.processor.StandardBlockTagProcessor]: {}
[THYMELEAF]             * [{th:block} *] [100000]: org.thymeleaf.standard.processor.StandardBlockTagProcessor
[THYMELEAF]         * Text Processors by [precedence]:
[THYMELEAF]             * [1000]: org.thymeleaf.standard.processor.StandardInliningTextProcessor
[THYMELEAF]     * Processors for Template Mode: CSS
[THYMELEAF]         * Element Tag Processors by [matching element and attribute name] [precedence]:
[THYMELEAF]             * [* {th:insert}] [100]: org.thymeleaf.standard.processor.StandardInsertTagProcessor
[THYMELEAF]             * [* {th:replace}] [100]: org.thymeleaf.standard.processor.StandardReplaceTagProcessor
[THYMELEAF]             * [* {th:each}] [200]: com.intuit.karate.template.KarateEachTagProcessor
[THYMELEAF]             * [* {th:switch}] [250]: org.thymeleaf.standard.processor.StandardSwitchTagProcessor
[THYMELEAF]             * [* {th:case}] [275]: org.thymeleaf.standard.processor.StandardCaseTagProcessor
[THYMELEAF]             * [* {th:if}] [300]: org.thymeleaf.standard.processor.StandardIfTagProcessor
[THYMELEAF]             * [* {th:unless}] [400]: org.thymeleaf.standard.processor.StandardUnlessTagProcessor
[THYMELEAF]             * [* {th:object}] [500]: org.thymeleaf.standard.processor.StandardObjectTagProcessor
[THYMELEAF]             * [* {th:with}] [600]: com.intuit.karate.template.KarateWithTagProcessor
[THYMELEAF]             * [* {th:inline}] [1000]: org.thymeleaf.standard.processor.StandardInlineTextualTagProcessor
[THYMELEAF]             * [* {th:text}] [1300]: org.thymeleaf.standard.processor.StandardTextTagProcessor
[THYMELEAF]             * [* {th:utext}] [1400]: org.thymeleaf.standard.processor.StandardUtextTagProcessor
[THYMELEAF]             * [* {th:assert}] [1550]: org.thymeleaf.standard.processor.StandardAssertTagProcessor
[THYMELEAF]             * [* {th:remove}] [1600]: org.thymeleaf.standard.processor.StandardRemoveTagProcessor
[THYMELEAF]             * [* 100000] [org.thymeleaf.standard.processor.StandardBlockTagProcessor]: {}
[THYMELEAF]             * [{th:block} *] [100000]: org.thymeleaf.standard.processor.StandardBlockTagProcessor
[THYMELEAF]         * Text Processors by [precedence]:
[THYMELEAF]             * [1000]: org.thymeleaf.standard.processor.StandardInliningTextProcessor
[THYMELEAF]     * Expression Objects:
[THYMELEAF]         * #ctx
[THYMELEAF]         * #root
[THYMELEAF]         * #vars
[THYMELEAF]         * #object
[THYMELEAF]         * #locale
[THYMELEAF]         * #request
[THYMELEAF]         * #response
[THYMELEAF]         * #session
[THYMELEAF]         * #servletContext
[THYMELEAF]         * #conversions
[THYMELEAF]         * #uris
[THYMELEAF]         * #calendars
[THYMELEAF]         * #dates
[THYMELEAF]         * #bools
[THYMELEAF]         * #numbers
[THYMELEAF]         * #objects
[THYMELEAF]         * #strings
[THYMELEAF]         * #arrays
[THYMELEAF]         * #lists
[THYMELEAF]         * #sets
[THYMELEAF]         * #maps
[THYMELEAF]         * #aggregates
[THYMELEAF]         * #messages
[THYMELEAF]         * #ids
[THYMELEAF]         * #execInfo
[THYMELEAF]         * #httpServletRequest
[THYMELEAF]         * #httpSession
[THYMELEAF]     * Execution Attributes:
[THYMELEAF]         * "StandardExpressionParser": com.intuit.karate.template.KarateStandardDialect@65844c96
[THYMELEAF]         * "StandardJavaScriptSerializer": org.thymeleaf.standard.serializer.StandardJavaScriptSerializer@21a6a494
[THYMELEAF]         * "StandardCSSSerializer": org.thymeleaf.standard.serializer.StandardCSSSerializer@794c5f5e
[THYMELEAF]         * "StandardVariableExpressionEvaluator": com.intuit.karate.template.KarateStandardDialect@65844c96
[THYMELEAF]         * "StandardConversionService": org.thymeleaf.standard.expression.StandardConversionService@4ab66127
[THYMELEAF] * Dialect [2 of 2]: karate (com.intuit.karate.template.KarateScriptDialect)
[THYMELEAF]     * Prefix: "ka"
[THYMELEAF]     * Processors for Template Mode: HTML
[THYMELEAF]         * Element Tag Processors by [matching element and attribute name] [precedence]:
[THYMELEAF]             * [* {src}] [1000]: com.intuit.karate.template.KaScriptAttrProcessor
[THYMELEAF]         * Element Model Processors by [matching element and attribute name] [precedence]:
[THYMELEAF]             * [{script} {ka:scope,data-ka-scope}] [1000]: com.intuit.karate.template.KaScriptElemProcessor
[THYMELEAF]             * [* {ka:set,data-ka-set}] [1000]: com.intuit.karate.template.KaSetElemProcessor
[THYMELEAF] TEMPLATE ENGINE CONFIGURED OK
22:10:23.665 [main] DEBUG org.thymeleaf.TemplateEngine - [THYMELEAF] TEMPLATE ENGINE INITIALIZED

HTML report: (paste into browser to view) | Karate version: 1.3.0
file:///C:/Users/dnb_5/OneDrive/Desktop/home-test-api/home-test-api/target/karate-reports/karate-summary.html
===================================================================

]]></system-out>
  </testcase>
</testsuite>